<?xml version="1.0" encoding="UTF-8"?>
<testsuite name="springboot.web.PostApiControllerTest" tests="3" skipped="0" failures="0" errors="0" timestamp="2022-12-30T08:33:39" hostname="supark4170" time="0.316">
  <properties/>
  <testcase name="posts_등록" classname="springboot.web.PostApiControllerTest" time="0.061"/>
  <testcase name="posts_수정" classname="springboot.web.PostApiControllerTest" time="0.166"/>
  <testcase name="posts_조회" classname="springboot.web.PostApiControllerTest" time="0.078"/>
  <system-out><![CDATA[2022-12-30 17:33:39.146  INFO 11389 --- [    Test worker] .b.t.c.SpringBootTestContextBootstrapper : Neither @ContextConfiguration nor @ContextHierarchy found for test class [springboot.web.PostApiControllerTest], using SpringBootContextLoader
2022-12-30 17:33:39.147  INFO 11389 --- [    Test worker] o.s.t.c.support.AbstractContextLoader    : Could not detect default resource locations for test class [springboot.web.PostApiControllerTest]: no resource found for suffixes {-context.xml, Context.groovy}.
2022-12-30 17:33:39.148  INFO 11389 --- [    Test worker] t.c.s.AnnotationConfigContextLoaderUtils : Could not detect default configuration classes for test class [springboot.web.PostApiControllerTest]: PostApiControllerTest does not declare any static, non-private, non-final, nested classes annotated with @Configuration.
2022-12-30 17:33:39.149  INFO 11389 --- [    Test worker] .b.t.c.SpringBootTestContextBootstrapper : Found @SpringBootConfiguration springboot.Application for test class springboot.web.PostApiControllerTest
2022-12-30 17:33:39.151  INFO 11389 --- [    Test worker] .b.t.c.SpringBootTestContextBootstrapper : Loaded default TestExecutionListener class names from location [META-INF/spring.factories]: [org.springframework.security.test.context.support.WithSecurityContextTestExecutionListener, org.springframework.security.test.context.support.ReactorContextTestExecutionListener, org.springframework.boot.test.autoconfigure.restdocs.RestDocsTestExecutionListener, org.springframework.boot.test.autoconfigure.web.client.MockRestServiceServerResetTestExecutionListener, org.springframework.boot.test.autoconfigure.web.servlet.MockMvcPrintOnlyOnFailureTestExecutionListener, org.springframework.boot.test.autoconfigure.web.servlet.WebDriverTestExecutionListener, org.springframework.boot.test.mock.mockito.MockitoTestExecutionListener, org.springframework.boot.test.mock.mockito.ResetMocksTestExecutionListener, org.springframework.test.context.web.ServletTestExecutionListener, org.springframework.test.context.support.DirtiesContextBeforeModesTestExecutionListener, org.springframework.test.context.support.DependencyInjectionTestExecutionListener, org.springframework.test.context.support.DirtiesContextTestExecutionListener, org.springframework.test.context.transaction.TransactionalTestExecutionListener, org.springframework.test.context.jdbc.SqlScriptsTestExecutionListener]
2022-12-30 17:33:39.152  INFO 11389 --- [    Test worker] .b.t.c.SpringBootTestContextBootstrapper : Using TestExecutionListeners: [org.springframework.test.context.web.ServletTestExecutionListener@26b93854, org.springframework.test.context.support.DirtiesContextBeforeModesTestExecutionListener@59190568, org.springframework.boot.test.mock.mockito.MockitoTestExecutionListener@4813d495, org.springframework.boot.test.autoconfigure.SpringBootDependencyInjectionTestExecutionListener@10d98d91, org.springframework.test.context.support.DirtiesContextTestExecutionListener@7f4d7c46, org.springframework.test.context.transaction.TransactionalTestExecutionListener@6eee0482, org.springframework.test.context.jdbc.SqlScriptsTestExecutionListener@388fd2b6, org.springframework.security.test.context.support.WithSecurityContextTestExecutionListener@64666533, org.springframework.security.test.context.support.ReactorContextTestExecutionListener@70dd8ab5, org.springframework.boot.test.autoconfigure.restdocs.RestDocsTestExecutionListener@6e895a38, org.springframework.boot.test.autoconfigure.web.client.MockRestServiceServerResetTestExecutionListener@28d53f3d, org.springframework.boot.test.autoconfigure.web.servlet.MockMvcPrintOnlyOnFailureTestExecutionListener@7fcd98e9, org.springframework.boot.test.autoconfigure.web.servlet.WebDriverTestExecutionListener@63d92d87, org.springframework.boot.test.mock.mockito.ResetMocksTestExecutionListener@4725e35e]
Hibernate: select user0_.id as id1_3_, user0_.created_date as created_2_3_, user0_.modified_date as modified3_3_, user0_.email as email4_3_, user0_.name as name5_3_, user0_.picture as picture6_3_, user0_.role as role7_3_ from user user0_
Hibernate: insert into user (created_date, modified_date, email, name, picture, role) values (?, ?, ?, ?, ?, ?)
2022-12-30 17:33:39.183  INFO 11389 --- [    Test worker] o.a.c.c.C.[Tomcat].[localhost].[/]       : Initializing Spring TestDispatcherServlet ''
2022-12-30 17:33:39.184  INFO 11389 --- [    Test worker] o.s.t.web.servlet.TestDispatcherServlet  : Initializing Servlet ''
2022-12-30 17:33:39.187  INFO 11389 --- [    Test worker] o.s.t.web.servlet.TestDispatcherServlet  : Completed initialization in 3 ms
Hibernate: select user0_.id as id1_3_, user0_.created_date as created_2_3_, user0_.modified_date as modified3_3_, user0_.email as email4_3_, user0_.name as name5_3_, user0_.picture as picture6_3_, user0_.role as role7_3_ from user user0_ where user0_.email=?
Hibernate: insert into posts (created_date, modified_date, content, title, user_id) values (?, ?, ?, ?, ?)
Hibernate: select posts0_.id as id1_2_, posts0_.created_date as created_2_2_, posts0_.modified_date as modified3_2_, posts0_.content as content4_2_, posts0_.title as title5_2_, posts0_.user_id as user_id6_2_ from posts posts0_
Hibernate: select posts0_.id as id1_2_, posts0_.created_date as created_2_2_, posts0_.modified_date as modified3_2_, posts0_.content as content4_2_, posts0_.title as title5_2_, posts0_.user_id as user_id6_2_ from posts posts0_
Hibernate: select comments0_.posts_id as posts_id5_1_0_, comments0_.id as id1_1_0_, comments0_.id as id1_1_1_, comments0_.created_date as created_2_1_1_, comments0_.modified_date as modified3_1_1_, comments0_.comment as comment4_1_1_, comments0_.posts_id as posts_id5_1_1_, comments0_.user_id as user_id6_1_1_ from comment comments0_ where comments0_.posts_id=?
Hibernate: delete from posts where id=?
Hibernate: select user0_.id as id1_3_, user0_.created_date as created_2_3_, user0_.modified_date as modified3_3_, user0_.email as email4_3_, user0_.name as name5_3_, user0_.picture as picture6_3_, user0_.role as role7_3_ from user user0_
Hibernate: delete from user where id=?
Hibernate: select user0_.id as id1_3_, user0_.created_date as created_2_3_, user0_.modified_date as modified3_3_, user0_.email as email4_3_, user0_.name as name5_3_, user0_.picture as picture6_3_, user0_.role as role7_3_ from user user0_
Hibernate: insert into user (created_date, modified_date, email, name, picture, role) values (?, ?, ?, ?, ?, ?)
2022-12-30 17:33:39.240  INFO 11389 --- [    Test worker] o.a.c.c.C.[Tomcat].[localhost].[/]       : Initializing Spring TestDispatcherServlet ''
2022-12-30 17:33:39.240  INFO 11389 --- [    Test worker] o.s.t.web.servlet.TestDispatcherServlet  : Initializing Servlet ''
2022-12-30 17:33:39.247  INFO 11389 --- [    Test worker] o.s.t.web.servlet.TestDispatcherServlet  : Completed initialization in 3 ms
Hibernate: insert into user (created_date, modified_date, email, name, picture, role) values (?, ?, ?, ?, ?, ?)
Hibernate: insert into posts (created_date, modified_date, content, title, user_id) values (?, ?, ?, ?, ?)
Hibernate: select posts0_.id as id1_2_0_, posts0_.created_date as created_2_2_0_, posts0_.modified_date as modified3_2_0_, posts0_.content as content4_2_0_, posts0_.title as title5_2_0_, posts0_.user_id as user_id6_2_0_ from posts posts0_ where posts0_.id=?
Hibernate: update posts set created_date=?, modified_date=?, content=?, title=?, user_id=? where id=?
Hibernate: select posts0_.id as id1_2_, posts0_.created_date as created_2_2_, posts0_.modified_date as modified3_2_, posts0_.content as content4_2_, posts0_.title as title5_2_, posts0_.user_id as user_id6_2_ from posts posts0_
Hibernate: select posts0_.id as id1_2_, posts0_.created_date as created_2_2_, posts0_.modified_date as modified3_2_, posts0_.content as content4_2_, posts0_.title as title5_2_, posts0_.user_id as user_id6_2_ from posts posts0_
Hibernate: select comments0_.posts_id as posts_id5_1_0_, comments0_.id as id1_1_0_, comments0_.id as id1_1_1_, comments0_.created_date as created_2_1_1_, comments0_.modified_date as modified3_1_1_, comments0_.comment as comment4_1_1_, comments0_.posts_id as posts_id5_1_1_, comments0_.user_id as user_id6_1_1_ from comment comments0_ where comments0_.posts_id=?
Hibernate: delete from posts where id=?
Hibernate: select user0_.id as id1_3_, user0_.created_date as created_2_3_, user0_.modified_date as modified3_3_, user0_.email as email4_3_, user0_.name as name5_3_, user0_.picture as picture6_3_, user0_.role as role7_3_ from user user0_
Hibernate: delete from user where id=?
Hibernate: delete from user where id=?
2022-12-30 17:33:39.399  INFO 11389 --- [    Test worker] o.s.t.c.transaction.TransactionContext   : Began transaction (1) for test context [DefaultTestContext@501793be testClass = PostApiControllerTest, testInstance = springboot.web.PostApiControllerTest@5112c7f8, testMethod = posts_조회@PostApiControllerTest, testException = [null], mergedContextConfiguration = [WebMergedContextConfiguration@6092119f testClass = PostApiControllerTest, locations = '{}', classes = '{class springboot.Application}', contextInitializerClasses = '[]', activeProfiles = '{}', propertySourceLocations = '{}', propertySourceProperties = '{org.springframework.boot.test.context.SpringBootTestContextBootstrapper=true, server.port=0}', contextCustomizers = set[org.springframework.boot.test.autoconfigure.properties.PropertyMappingContextCustomizer@0, org.springframework.boot.test.autoconfigure.web.servlet.WebDriverContextCustomizerFactory$Customizer@13794e8d, org.springframework.boot.test.context.filter.ExcludeFilterContextCustomizer@4e5690dd, org.springframework.boot.test.json.DuplicateJsonObjectContextCustomizerFactory$DuplicateJsonObjectContextCustomizer@42830a4a, org.springframework.boot.test.mock.mockito.MockitoContextCustomizer@0, org.springframework.boot.test.web.client.TestRestTemplateContextCustomizer@6350908], resourceBasePath = 'src/main/webapp', contextLoader = 'org.springframework.boot.test.context.SpringBootContextLoader', parent = [null]], attributes = map['org.springframework.test.context.web.ServletTestExecutionListener.activateListener' -> false]]; transaction manager [org.springframework.orm.jpa.JpaTransactionManager@58c8c315]; rollback [true]
Hibernate: select user0_.id as id1_3_, user0_.created_date as created_2_3_, user0_.modified_date as modified3_3_, user0_.email as email4_3_, user0_.name as name5_3_, user0_.picture as picture6_3_, user0_.role as role7_3_ from user user0_
Hibernate: insert into user (created_date, modified_date, email, name, picture, role) values (?, ?, ?, ?, ?, ?)
2022-12-30 17:33:39.437  INFO 11389 --- [    Test worker] o.a.c.c.C.[Tomcat].[localhost].[/]       : Initializing Spring TestDispatcherServlet ''
2022-12-30 17:33:39.437  INFO 11389 --- [    Test worker] o.s.t.web.servlet.TestDispatcherServlet  : Initializing Servlet ''
2022-12-30 17:33:39.440  INFO 11389 --- [    Test worker] o.s.t.web.servlet.TestDispatcherServlet  : Completed initialization in 2 ms
Hibernate: delete from user where id=?
Hibernate: select user0_.id as id1_3_, user0_.created_date as created_2_3_, user0_.modified_date as modified3_3_, user0_.email as email4_3_, user0_.name as name5_3_, user0_.picture as picture6_3_, user0_.role as role7_3_ from user user0_ where user0_.email=?
Hibernate: insert into posts (created_date, modified_date, content, title, user_id) values (?, ?, ?, ?, ?)
Hibernate: select posts0_.id as id1_2_, posts0_.created_date as created_2_2_, posts0_.modified_date as modified3_2_, posts0_.content as content4_2_, posts0_.title as title5_2_, posts0_.user_id as user_id6_2_ from posts posts0_
Hibernate: select posts0_.id as id1_2_, posts0_.created_date as created_2_2_, posts0_.modified_date as modified3_2_, posts0_.content as content4_2_, posts0_.title as title5_2_, posts0_.user_id as user_id6_2_ from posts posts0_
5
Hibernate: select posts0_.id as id1_2_, posts0_.created_date as created_2_2_, posts0_.modified_date as modified3_2_, posts0_.content as content4_2_, posts0_.title as title5_2_, posts0_.user_id as user_id6_2_ from posts posts0_
Hibernate: select user0_.id as id1_3_, user0_.created_date as created_2_3_, user0_.modified_date as modified3_3_, user0_.email as email4_3_, user0_.name as name5_3_, user0_.picture as picture6_3_, user0_.role as role7_3_ from user user0_
2022-12-30 17:33:39.472  INFO 11389 --- [    Test worker] o.s.t.c.transaction.TransactionContext   : Rolled back transaction for test: [DefaultTestContext@501793be testClass = PostApiControllerTest, testInstance = springboot.web.PostApiControllerTest@5112c7f8, testMethod = posts_조회@PostApiControllerTest, testException = [null], mergedContextConfiguration = [WebMergedContextConfiguration@6092119f testClass = PostApiControllerTest, locations = '{}', classes = '{class springboot.Application}', contextInitializerClasses = '[]', activeProfiles = '{}', propertySourceLocations = '{}', propertySourceProperties = '{org.springframework.boot.test.context.SpringBootTestContextBootstrapper=true, server.port=0}', contextCustomizers = set[org.springframework.boot.test.autoconfigure.properties.PropertyMappingContextCustomizer@0, org.springframework.boot.test.autoconfigure.web.servlet.WebDriverContextCustomizerFactory$Customizer@13794e8d, org.springframework.boot.test.context.filter.ExcludeFilterContextCustomizer@4e5690dd, org.springframework.boot.test.json.DuplicateJsonObjectContextCustomizerFactory$DuplicateJsonObjectContextCustomizer@42830a4a, org.springframework.boot.test.mock.mockito.MockitoContextCustomizer@0, org.springframework.boot.test.web.client.TestRestTemplateContextCustomizer@6350908], resourceBasePath = 'src/main/webapp', contextLoader = 'org.springframework.boot.test.context.SpringBootContextLoader', parent = [null]], attributes = map['org.springframework.test.context.web.ServletTestExecutionListener.activateListener' -> false]]
Hibernate: select posts0_.id as id1_2_, posts0_.created_date as created_2_2_, posts0_.modified_date as modified3_2_, posts0_.content as content4_2_, posts0_.title as title5_2_, posts0_.user_id as user_id6_2_ from posts posts0_
]]></system-out>
  <system-err><![CDATA[]]></system-err>
</testsuite>
