<?xml version="1.0" encoding="UTF-8"?>
<testsuite name="springboot.web.HelloControllerTest" tests="2" skipped="0" failures="0" errors="0" timestamp="2022-09-06T12:54:23" hostname="LAPTOP-MVO8EM6B" time="0.195">
  <properties/>
  <testcase name="helloDto_return" classname="springboot.web.HelloControllerTest" time="0.184"/>
  <testcase name="hello_return" classname="springboot.web.HelloControllerTest" time="0.011"/>
  <system-out><![CDATA[2022-09-06 21:54:21.901  INFO 2592 --- [    Test worker] .b.t.a.w.s.WebMvcTestContextBootstrapper : Neither @ContextConfiguration nor @ContextHierarchy found for test class [springboot.web.HelloControllerTest], using SpringBootContextLoader
2022-09-06 21:54:21.902  INFO 2592 --- [    Test worker] o.s.t.c.support.AbstractContextLoader    : Could not detect default resource locations for test class [springboot.web.HelloControllerTest]: no resource found for suffixes {-context.xml, Context.groovy}.
2022-09-06 21:54:21.902  INFO 2592 --- [    Test worker] t.c.s.AnnotationConfigContextLoaderUtils : Could not detect default configuration classes for test class [springboot.web.HelloControllerTest]: HelloControllerTest does not declare any static, non-private, non-final, nested classes annotated with @Configuration.
2022-09-06 21:54:21.926  INFO 2592 --- [    Test worker] .b.t.c.SpringBootTestContextBootstrapper : Found @SpringBootConfiguration springboot.Application for test class springboot.web.HelloControllerTest
2022-09-06 21:54:21.926  INFO 2592 --- [    Test worker] .b.t.a.w.s.WebMvcTestContextBootstrapper : Loaded default TestExecutionListener class names from location [META-INF/spring.factories]: [org.springframework.security.test.context.support.WithSecurityContextTestExecutionListener, org.springframework.security.test.context.support.ReactorContextTestExecutionListener, org.springframework.boot.test.autoconfigure.restdocs.RestDocsTestExecutionListener, org.springframework.boot.test.autoconfigure.web.client.MockRestServiceServerResetTestExecutionListener, org.springframework.boot.test.autoconfigure.web.servlet.MockMvcPrintOnlyOnFailureTestExecutionListener, org.springframework.boot.test.autoconfigure.web.servlet.WebDriverTestExecutionListener, org.springframework.boot.test.mock.mockito.MockitoTestExecutionListener, org.springframework.boot.test.mock.mockito.ResetMocksTestExecutionListener, org.springframework.test.context.web.ServletTestExecutionListener, org.springframework.test.context.support.DirtiesContextBeforeModesTestExecutionListener, org.springframework.test.context.support.DependencyInjectionTestExecutionListener, org.springframework.test.context.support.DirtiesContextTestExecutionListener, org.springframework.test.context.transaction.TransactionalTestExecutionListener, org.springframework.test.context.jdbc.SqlScriptsTestExecutionListener]
2022-09-06 21:54:21.928  INFO 2592 --- [    Test worker] .b.t.a.w.s.WebMvcTestContextBootstrapper : Using TestExecutionListeners: [org.springframework.test.context.web.ServletTestExecutionListener@24f9cac3, org.springframework.test.context.support.DirtiesContextBeforeModesTestExecutionListener@572bcf5, org.springframework.boot.test.mock.mockito.MockitoTestExecutionListener@3cf38148, org.springframework.boot.test.autoconfigure.SpringBootDependencyInjectionTestExecutionListener@2f86a9af, org.springframework.test.context.support.DirtiesContextTestExecutionListener@4543c14e, org.springframework.test.context.transaction.TransactionalTestExecutionListener@55465807, org.springframework.test.context.jdbc.SqlScriptsTestExecutionListener@759f6a26, org.springframework.security.test.context.support.WithSecurityContextTestExecutionListener@6fce7eeb, org.springframework.security.test.context.support.ReactorContextTestExecutionListener@345c9bed, org.springframework.boot.test.autoconfigure.restdocs.RestDocsTestExecutionListener@53bd7b01, org.springframework.boot.test.autoconfigure.web.client.MockRestServiceServerResetTestExecutionListener@5dfde50a, org.springframework.boot.test.autoconfigure.web.servlet.MockMvcPrintOnlyOnFailureTestExecutionListener@4158e178, org.springframework.boot.test.autoconfigure.web.servlet.WebDriverTestExecutionListener@110b994d, org.springframework.boot.test.mock.mockito.ResetMocksTestExecutionListener@29d69d1e]

  .   ____          _            __ _ _
 /\\ / ___'_ __ _ _(_)_ __  __ _ \ \ \ \
( ( )\___ | '_ | '_| | '_ \/ _` | \ \ \ \
 \\/  ___)| |_)| | | | | || (_| |  ) ) ) )
  '  |____| .__|_| |_|_| |_\__, | / / / /
 =========|_|==============|___/=/_/_/_/
 :: Spring Boot ::        (v2.1.9.RELEASE)

2022-09-06 21:54:21.988  INFO 2592 --- [    Test worker] springboot.web.HelloControllerTest       : Starting HelloControllerTest on LAPTOP-MVO8EM6B with PID 2592 (started by 박영서 in C:\Users\PARK\IdeaProjects\SpringBootboard)
2022-09-06 21:54:21.988  INFO 2592 --- [    Test worker] springboot.web.HelloControllerTest       : The following profiles are active: oauth
2022-09-06 21:54:22.519  INFO 2592 --- [    Test worker] o.s.s.concurrent.ThreadPoolTaskExecutor  : Initializing ExecutorService 'applicationTaskExecutor'
2022-09-06 21:54:22.581  INFO 2592 --- [    Test worker] o.s.b.a.w.s.WelcomePageHandlerMapping    : Adding welcome page template: index
2022-09-06 21:54:22.891  INFO 2592 --- [    Test worker] .s.s.UserDetailsServiceAutoConfiguration : 

Using generated security password: 19e7c1d0-7f4d-450d-bf12-e4aebbcef29b

2022-09-06 21:54:23.088  INFO 2592 --- [    Test worker] o.s.s.web.DefaultSecurityFilterChain     : Creating filter chain: any request, [org.springframework.security.web.context.request.async.WebAsyncManagerIntegrationFilter@38240061, org.springframework.security.web.context.SecurityContextPersistenceFilter@667a1cf, org.springframework.security.web.header.HeaderWriterFilter@413dd3bc, org.springframework.security.web.csrf.CsrfFilter@590260de, org.springframework.security.web.authentication.logout.LogoutFilter@2bbe8d14, org.springframework.security.web.authentication.UsernamePasswordAuthenticationFilter@417e089e, org.springframework.security.web.authentication.ui.DefaultLoginPageGeneratingFilter@43d1f240, org.springframework.security.web.authentication.ui.DefaultLogoutPageGeneratingFilter@2c595eca, org.springframework.security.web.authentication.www.BasicAuthenticationFilter@6f2291ac, org.springframework.security.web.savedrequest.RequestCacheAwareFilter@7d421e1c, org.springframework.security.web.servletapi.SecurityContextHolderAwareRequestFilter@524d923b, org.springframework.security.web.authentication.AnonymousAuthenticationFilter@578d151c, org.springframework.security.web.session.SessionManagementFilter@bf34fd5, org.springframework.security.web.access.ExceptionTranslationFilter@775181ee, org.springframework.security.web.access.intercept.FilterSecurityInterceptor@2fef4303]
2022-09-06 21:54:23.132  INFO 2592 --- [    Test worker] o.s.b.t.m.w.SpringBootMockServletContext : Initializing Spring TestDispatcherServlet ''
2022-09-06 21:54:23.133  INFO 2592 --- [    Test worker] o.s.t.web.servlet.TestDispatcherServlet  : Initializing Servlet ''
2022-09-06 21:54:23.147  INFO 2592 --- [    Test worker] o.s.t.web.servlet.TestDispatcherServlet  : Completed initialization in 14 ms
2022-09-06 21:54:23.183  INFO 2592 --- [    Test worker] springboot.web.HelloControllerTest       : Started HelloControllerTest in 1.253 seconds (JVM running for 12.319)
]]></system-out>
  <system-err><![CDATA[]]></system-err>
</testsuite>
