<?xml version="1.0" encoding="UTF-8"?>
<testsuite name="springboot.web.CommentsApiControllerTest" tests="2" skipped="0" failures="0" errors="0" timestamp="2022-12-30T08:33:35" hostname="supark4170" time="0.702">
  <properties/>
  <testcase name="comment_등록" classname="springboot.web.CommentsApiControllerTest" time="0.334"/>
  <testcase name="comment_삭제" classname="springboot.web.CommentsApiControllerTest" time="0.362"/>
  <system-out><![CDATA[2022-12-30 17:33:29.312  INFO 11389 --- [    Test worker] .b.t.c.SpringBootTestContextBootstrapper : Neither @ContextConfiguration nor @ContextHierarchy found for test class [springboot.web.CommentsApiControllerTest], using SpringBootContextLoader
2022-12-30 17:33:29.319  INFO 11389 --- [    Test worker] o.s.t.c.support.AbstractContextLoader    : Could not detect default resource locations for test class [springboot.web.CommentsApiControllerTest]: no resource found for suffixes {-context.xml, Context.groovy}.
2022-12-30 17:33:29.323  INFO 11389 --- [    Test worker] t.c.s.AnnotationConfigContextLoaderUtils : Could not detect default configuration classes for test class [springboot.web.CommentsApiControllerTest]: CommentsApiControllerTest does not declare any static, non-private, non-final, nested classes annotated with @Configuration.
2022-12-30 17:33:29.371  INFO 11389 --- [    Test worker] .b.t.c.SpringBootTestContextBootstrapper : Found @SpringBootConfiguration springboot.Application for test class springboot.web.CommentsApiControllerTest
2022-12-30 17:33:29.375  INFO 11389 --- [    Test worker] .b.t.c.SpringBootTestContextBootstrapper : Loaded default TestExecutionListener class names from location [META-INF/spring.factories]: [org.springframework.security.test.context.support.WithSecurityContextTestExecutionListener, org.springframework.security.test.context.support.ReactorContextTestExecutionListener, org.springframework.boot.test.autoconfigure.restdocs.RestDocsTestExecutionListener, org.springframework.boot.test.autoconfigure.web.client.MockRestServiceServerResetTestExecutionListener, org.springframework.boot.test.autoconfigure.web.servlet.MockMvcPrintOnlyOnFailureTestExecutionListener, org.springframework.boot.test.autoconfigure.web.servlet.WebDriverTestExecutionListener, org.springframework.boot.test.mock.mockito.MockitoTestExecutionListener, org.springframework.boot.test.mock.mockito.ResetMocksTestExecutionListener, org.springframework.test.context.web.ServletTestExecutionListener, org.springframework.test.context.support.DirtiesContextBeforeModesTestExecutionListener, org.springframework.test.context.support.DependencyInjectionTestExecutionListener, org.springframework.test.context.support.DirtiesContextTestExecutionListener, org.springframework.test.context.transaction.TransactionalTestExecutionListener, org.springframework.test.context.jdbc.SqlScriptsTestExecutionListener]
2022-12-30 17:33:29.378  INFO 11389 --- [    Test worker] .b.t.c.SpringBootTestContextBootstrapper : Using TestExecutionListeners: [org.springframework.test.context.web.ServletTestExecutionListener@1952fdbd, org.springframework.test.context.support.DirtiesContextBeforeModesTestExecutionListener@6a765d78, org.springframework.boot.test.mock.mockito.MockitoTestExecutionListener@6fcaea28, org.springframework.boot.test.autoconfigure.SpringBootDependencyInjectionTestExecutionListener@4a658669, org.springframework.test.context.support.DirtiesContextTestExecutionListener@44d4358d, org.springframework.test.context.transaction.TransactionalTestExecutionListener@1c112df2, org.springframework.test.context.jdbc.SqlScriptsTestExecutionListener@24b20ff2, org.springframework.security.test.context.support.WithSecurityContextTestExecutionListener@420283c3, org.springframework.security.test.context.support.ReactorContextTestExecutionListener@271fae53, org.springframework.boot.test.autoconfigure.restdocs.RestDocsTestExecutionListener@327469ff, org.springframework.boot.test.autoconfigure.web.client.MockRestServiceServerResetTestExecutionListener@68d3ddc, org.springframework.boot.test.autoconfigure.web.servlet.MockMvcPrintOnlyOnFailureTestExecutionListener@50c7ba55, org.springframework.boot.test.autoconfigure.web.servlet.WebDriverTestExecutionListener@a70eb28, org.springframework.boot.test.mock.mockito.ResetMocksTestExecutionListener@1bda5008]

  .   ____          _            __ _ _
 /\\ / ___'_ __ _ _(_)_ __  __ _ \ \ \ \
( ( )\___ | '_ | '_| | '_ \/ _` | \ \ \ \
 \\/  ___)| |_)| | | | | || (_| |  ) ) ) )
  '  |____| .__|_| |_|_| |_\__, | / / / /
 =========|_|==============|___/=/_/_/_/
 :: Spring Boot ::        (v2.1.9.RELEASE)

2022-12-30 17:33:29.501  WARN 11389 --- [    Test worker] ory$DuplicateJsonObjectContextCustomizer : 

Found multiple occurrences of org.json.JSONObject on the class path:

	jar:file:/home/ec2-user/.gradle/caches/modules-2/files-2.1/org.json/json/20220320/6df2c050972619466f6dcef7654ef9bcc01dfd0/json-20220320.jar!/org/json/JSONObject.class
	jar:file:/home/ec2-user/.gradle/caches/modules-2/files-2.1/com.vaadin.external.google/android-json/0.0.20131108.vaadin1/fa26d351fe62a6a17f5cda1287c1c6110dec413f/android-json-0.0.20131108.vaadin1.jar!/org/json/JSONObject.class

You may wish to exclude one of them to ensure predictable runtime behavior

2022-12-30 17:33:29.511  INFO 11389 --- [    Test worker] s.web.CommentsApiControllerTest          : Starting CommentsApiControllerTest on supark4170 with PID 11389 (started by ec2-user in /home/ec2-user/app/step1/SpringBootboard)
2022-12-30 17:33:29.513  INFO 11389 --- [    Test worker] s.web.CommentsApiControllerTest          : The following profiles are active: oauth
2022-12-30 17:33:30.214  INFO 11389 --- [    Test worker] .s.d.r.c.RepositoryConfigurationDelegate : Bootstrapping Spring Data repositories in DEFAULT mode.
2022-12-30 17:33:30.263  INFO 11389 --- [    Test worker] .s.d.r.c.RepositoryConfigurationDelegate : Finished Spring Data repository scanning in 48ms. Found 4 repository interfaces.
2022-12-30 17:33:30.588  INFO 11389 --- [    Test worker] trationDelegate$BeanPostProcessorChecker : Bean 'org.springframework.transaction.annotation.ProxyTransactionManagementConfiguration' of type [org.springframework.transaction.annotation.ProxyTransactionManagementConfiguration$$EnhancerBySpringCGLIB$$534435c0] is not eligible for getting processed by all BeanPostProcessors (for example: not eligible for auto-proxying)
2022-12-30 17:33:31.342  INFO 11389 --- [    Test worker] o.s.b.w.embedded.tomcat.TomcatWebServer  : Tomcat initialized with port(s): 0 (http)
2022-12-30 17:33:31.474  INFO 11389 --- [    Test worker] o.apache.catalina.core.StandardService   : Starting service [Tomcat]
2022-12-30 17:33:31.478  INFO 11389 --- [    Test worker] org.apache.catalina.core.StandardEngine  : Starting Servlet engine: [Apache Tomcat/9.0.26]
2022-12-30 17:33:31.876  INFO 11389 --- [    Test worker] o.a.c.c.C.[Tomcat].[localhost].[/]       : Initializing Spring embedded WebApplicationContext
2022-12-30 17:33:31.879  INFO 11389 --- [    Test worker] o.s.web.context.ContextLoader            : Root WebApplicationContext: initialization completed in 2357 ms
2022-12-30 17:33:32.306  INFO 11389 --- [    Test worker] o.hibernate.jpa.internal.util.LogHelper  : HHH000204: Processing PersistenceUnitInfo [
	name: default
	...]
2022-12-30 17:33:32.334  INFO 11389 --- [    Test worker] com.zaxxer.hikari.HikariDataSource       : HikariPool-2 - Starting...
2022-12-30 17:33:32.337  INFO 11389 --- [    Test worker] com.zaxxer.hikari.HikariDataSource       : HikariPool-2 - Start completed.
2022-12-30 17:33:32.337  INFO 11389 --- [    Test worker] org.hibernate.dialect.Dialect            : HHH000400: Using dialect: org.hibernate.dialect.MySQL5Dialect
Hibernate: drop table if exists alert
Hibernate: drop table if exists comment
Hibernate: drop table if exists posts
Hibernate: drop table if exists user
Hibernate: create table alert (id bigint not null auto_increment, percentage_cut_price double precision, alert_type integer not null, percentage double precision, price double precision, ticker varchar(255) not null, user_id bigint, primary key (id)) engine=MyISAM
Hibernate: create table comment (id bigint not null auto_increment, created_date datetime, modified_date datetime, comment TEXT not null, posts_id bigint, user_id bigint, primary key (id)) engine=MyISAM
Hibernate: create table posts (id bigint not null auto_increment, created_date datetime, modified_date datetime, content TEXT not null, title varchar(500) not null, user_id bigint, primary key (id)) engine=MyISAM
Hibernate: create table user (id bigint not null auto_increment, created_date datetime, modified_date datetime, email varchar(255) not null, name varchar(255) not null, picture varchar(255), role varchar(255) not null, primary key (id)) engine=MyISAM
Hibernate: alter table alert add constraint FKbis7huopcg5boekrnk48jhmng foreign key (user_id) references user (id)
Hibernate: alter table comment add constraint FK32egq4fwmd2pb4cy0efr2o25a foreign key (posts_id) references posts (id)
Hibernate: alter table comment add constraint FK8kcum44fvpupyw6f5baccx25c foreign key (user_id) references user (id)
Hibernate: alter table posts add constraint FKam8ar6luvp8afhfu20gfsydo9 foreign key (user_id) references user (id)
2022-12-30 17:33:32.573  INFO 11389 --- [    Test worker] o.h.t.schema.internal.SchemaCreatorImpl  : HHH000476: Executing import script 'org.hibernate.tool.schema.internal.exec.ScriptSourceInputNonExistentImpl@49541722'
2022-12-30 17:33:32.578  INFO 11389 --- [    Test worker] j.LocalContainerEntityManagerFactoryBean : Initialized JPA EntityManagerFactory for persistence unit 'default'
2022-12-30 17:33:33.287 ERROR 11389 --- [    Test worker] springboot.firebase.FcmInitializer       : class path resource [webpush-coin-firebase-adminsdk-2eytt-04a22bac7d.json] cannot be opened because it does not exist
2022-12-30 17:33:33.320  INFO 11389 --- [    Test worker] o.h.h.i.QueryTranslatorFactoryInitiator  : HHH000397: Using ASTQueryTranslatorFactory
2022-12-30 17:33:33.510  INFO 11389 --- [    Test worker] o.s.s.web.DefaultSecurityFilterChain     : Creating filter chain: Ant [pattern='/firebase-messaging-sw.js'], []
2022-12-30 17:33:33.991  INFO 11389 --- [    Test worker] o.s.s.web.DefaultSecurityFilterChain     : Creating filter chain: any request, [org.springframework.security.web.context.request.async.WebAsyncManagerIntegrationFilter@599a6305, org.springframework.security.web.context.SecurityContextPersistenceFilter@32302fbb, org.springframework.security.web.header.HeaderWriterFilter@59bba34f, org.springframework.security.web.authentication.logout.LogoutFilter@66e78f39, org.springframework.security.oauth2.client.web.OAuth2AuthorizationRequestRedirectFilter@59ddaf05, org.springframework.security.oauth2.client.web.OAuth2LoginAuthenticationFilter@1f78ac8a, org.springframework.security.web.authentication.ui.DefaultLoginPageGeneratingFilter@55192fd6, org.springframework.security.web.authentication.ui.DefaultLogoutPageGeneratingFilter@55cf5bfa, org.springframework.security.web.savedrequest.RequestCacheAwareFilter@55da0dce, org.springframework.security.web.servletapi.SecurityContextHolderAwareRequestFilter@517f6de1, org.springframework.security.web.authentication.AnonymousAuthenticationFilter@615e63c1, org.springframework.security.web.session.SessionManagementFilter@1d332a22, org.springframework.security.web.access.ExceptionTranslationFilter@48c5f91a, org.springframework.security.web.access.intercept.FilterSecurityInterceptor@6a0ccab6]
2022-12-30 17:33:34.424  INFO 11389 --- [    Test worker] o.s.s.concurrent.ThreadPoolTaskExecutor  : Initializing ExecutorService 'applicationTaskExecutor'
2022-12-30 17:33:34.465  WARN 11389 --- [    Test worker] aWebConfiguration$JpaWebMvcConfiguration : spring.jpa.open-in-view is enabled by default. Therefore, database queries may be performed during view rendering. Explicitly configure spring.jpa.open-in-view to disable this warning
2022-12-30 17:33:34.539  INFO 11389 --- [    Test worker] o.s.b.a.w.s.WelcomePageHandlerMapping    : Adding welcome page template: index
2022-12-30 17:33:35.748  INFO 11389 --- [    Test worker] s.a.ScheduledAnnotationBeanPostProcessor : No TaskScheduler/ScheduledExecutorService bean found for scheduled processing
2022-12-30 17:33:35.803  INFO 11389 --- [    Test worker] o.s.b.w.embedded.tomcat.TomcatWebServer  : Tomcat started on port(s): 36751 (http) with context path ''
2022-12-30 17:33:35.805  INFO 11389 --- [    Test worker] s.web.CommentsApiControllerTest          : Started CommentsApiControllerTest in 6.421 seconds (JVM running for 26.174)
2022-12-30 17:33:35.838  INFO 11389 --- [    Test worker] o.s.t.c.transaction.TransactionContext   : Began transaction (1) for test context [DefaultTestContext@1672d843 testClass = CommentsApiControllerTest, testInstance = springboot.web.CommentsApiControllerTest@2b08eaa7, testMethod = comment_등록@CommentsApiControllerTest, testException = [null], mergedContextConfiguration = [WebMergedContextConfiguration@3a92cb78 testClass = CommentsApiControllerTest, locations = '{}', classes = '{class springboot.Application}', contextInitializerClasses = '[]', activeProfiles = '{}', propertySourceLocations = '{}', propertySourceProperties = '{org.springframework.boot.test.context.SpringBootTestContextBootstrapper=true, server.port=0}', contextCustomizers = set[org.springframework.boot.test.autoconfigure.properties.PropertyMappingContextCustomizer@0, org.springframework.boot.test.autoconfigure.web.servlet.WebDriverContextCustomizerFactory$Customizer@13794e8d, org.springframework.boot.test.context.filter.ExcludeFilterContextCustomizer@4e5690dd, org.springframework.boot.test.json.DuplicateJsonObjectContextCustomizerFactory$DuplicateJsonObjectContextCustomizer@42830a4a, org.springframework.boot.test.mock.mockito.MockitoContextCustomizer@0, org.springframework.boot.test.web.client.TestRestTemplateContextCustomizer@6350908], resourceBasePath = 'src/main/webapp', contextLoader = 'org.springframework.boot.test.context.SpringBootContextLoader', parent = [null]], attributes = map['org.springframework.test.context.web.ServletTestExecutionListener.activateListener' -> false]]; transaction manager [org.springframework.orm.jpa.JpaTransactionManager@58c8c315]; rollback [true]
Hibernate: select user0_.id as id1_3_, user0_.created_date as created_2_3_, user0_.modified_date as modified3_3_, user0_.email as email4_3_, user0_.name as name5_3_, user0_.picture as picture6_3_, user0_.role as role7_3_ from user user0_
Hibernate: insert into user (created_date, modified_date, email, name, picture, role) values (?, ?, ?, ?, ?, ?)
2022-12-30 17:33:35.956  INFO 11389 --- [    Test worker] o.a.c.c.C.[Tomcat].[localhost].[/]       : Initializing Spring TestDispatcherServlet ''
2022-12-30 17:33:35.957  INFO 11389 --- [    Test worker] o.s.t.web.servlet.TestDispatcherServlet  : Initializing Servlet ''
2022-12-30 17:33:35.995  INFO 11389 --- [    Test worker] o.s.t.web.servlet.TestDispatcherServlet  : Completed initialization in 37 ms
Hibernate: select user0_.id as id1_3_, user0_.created_date as created_2_3_, user0_.modified_date as modified3_3_, user0_.email as email4_3_, user0_.name as name5_3_, user0_.picture as picture6_3_, user0_.role as role7_3_ from user user0_
Hibernate: insert into posts (created_date, modified_date, content, title, user_id) values (?, ?, ?, ?, ?)
Hibernate: select posts0_.id as id1_2_, posts0_.created_date as created_2_2_, posts0_.modified_date as modified3_2_, posts0_.content as content4_2_, posts0_.title as title5_2_, posts0_.user_id as user_id6_2_ from posts posts0_
Hibernate: select user0_.id as id1_3_, user0_.created_date as created_2_3_, user0_.modified_date as modified3_3_, user0_.email as email4_3_, user0_.name as name5_3_, user0_.picture as picture6_3_, user0_.role as role7_3_ from user user0_ where user0_.email=?
Hibernate: insert into comment (created_date, modified_date, comment, posts_id, user_id) values (?, ?, ?, ?, ?)
Hibernate: select comment0_.id as id1_1_, comment0_.created_date as created_2_1_, comment0_.modified_date as modified3_1_, comment0_.comment as comment4_1_, comment0_.posts_id as posts_id5_1_, comment0_.user_id as user_id6_1_ from comment comment0_
Hibernate: select posts0_.id as id1_2_, posts0_.created_date as created_2_2_, posts0_.modified_date as modified3_2_, posts0_.content as content4_2_, posts0_.title as title5_2_, posts0_.user_id as user_id6_2_ from posts posts0_
Hibernate: select user0_.id as id1_3_, user0_.created_date as created_2_3_, user0_.modified_date as modified3_3_, user0_.email as email4_3_, user0_.name as name5_3_, user0_.picture as picture6_3_, user0_.role as role7_3_ from user user0_
2022-12-30 17:33:36.144  INFO 11389 --- [    Test worker] o.s.t.c.transaction.TransactionContext   : Rolled back transaction for test: [DefaultTestContext@1672d843 testClass = CommentsApiControllerTest, testInstance = springboot.web.CommentsApiControllerTest@2b08eaa7, testMethod = comment_등록@CommentsApiControllerTest, testException = [null], mergedContextConfiguration = [WebMergedContextConfiguration@3a92cb78 testClass = CommentsApiControllerTest, locations = '{}', classes = '{class springboot.Application}', contextInitializerClasses = '[]', activeProfiles = '{}', propertySourceLocations = '{}', propertySourceProperties = '{org.springframework.boot.test.context.SpringBootTestContextBootstrapper=true, server.port=0}', contextCustomizers = set[org.springframework.boot.test.autoconfigure.properties.PropertyMappingContextCustomizer@0, org.springframework.boot.test.autoconfigure.web.servlet.WebDriverContextCustomizerFactory$Customizer@13794e8d, org.springframework.boot.test.context.filter.ExcludeFilterContextCustomizer@4e5690dd, org.springframework.boot.test.json.DuplicateJsonObjectContextCustomizerFactory$DuplicateJsonObjectContextCustomizer@42830a4a, org.springframework.boot.test.mock.mockito.MockitoContextCustomizer@0, org.springframework.boot.test.web.client.TestRestTemplateContextCustomizer@6350908], resourceBasePath = 'src/main/webapp', contextLoader = 'org.springframework.boot.test.context.SpringBootContextLoader', parent = [null]], attributes = map['org.springframework.test.context.web.ServletTestExecutionListener.activateListener' -> false]]
Hibernate: select posts0_.id as id1_2_, posts0_.created_date as created_2_2_, posts0_.modified_date as modified3_2_, posts0_.content as content4_2_, posts0_.title as title5_2_, posts0_.user_id as user_id6_2_ from posts posts0_
Hibernate: select comment0_.id as id1_1_, comment0_.created_date as created_2_1_, comment0_.modified_date as modified3_1_, comment0_.comment as comment4_1_, comment0_.posts_id as posts_id5_1_, comment0_.user_id as user_id6_1_ from comment comment0_
2022-12-30 17:33:36.164  INFO 11389 --- [    Test worker] o.s.t.c.transaction.TransactionContext   : Began transaction (1) for test context [DefaultTestContext@1672d843 testClass = CommentsApiControllerTest, testInstance = springboot.web.CommentsApiControllerTest@607a90c5, testMethod = comment_삭제@CommentsApiControllerTest, testException = [null], mergedContextConfiguration = [WebMergedContextConfiguration@3a92cb78 testClass = CommentsApiControllerTest, locations = '{}', classes = '{class springboot.Application}', contextInitializerClasses = '[]', activeProfiles = '{}', propertySourceLocations = '{}', propertySourceProperties = '{org.springframework.boot.test.context.SpringBootTestContextBootstrapper=true, server.port=0}', contextCustomizers = set[org.springframework.boot.test.autoconfigure.properties.PropertyMappingContextCustomizer@0, org.springframework.boot.test.autoconfigure.web.servlet.WebDriverContextCustomizerFactory$Customizer@13794e8d, org.springframework.boot.test.context.filter.ExcludeFilterContextCustomizer@4e5690dd, org.springframework.boot.test.json.DuplicateJsonObjectContextCustomizerFactory$DuplicateJsonObjectContextCustomizer@42830a4a, org.springframework.boot.test.mock.mockito.MockitoContextCustomizer@0, org.springframework.boot.test.web.client.TestRestTemplateContextCustomizer@6350908], resourceBasePath = 'src/main/webapp', contextLoader = 'org.springframework.boot.test.context.SpringBootContextLoader', parent = [null]], attributes = map['org.springframework.test.context.web.ServletTestExecutionListener.activateListener' -> false]]; transaction manager [org.springframework.orm.jpa.JpaTransactionManager@58c8c315]; rollback [true]
Hibernate: select user0_.id as id1_3_, user0_.created_date as created_2_3_, user0_.modified_date as modified3_3_, user0_.email as email4_3_, user0_.name as name5_3_, user0_.picture as picture6_3_, user0_.role as role7_3_ from user user0_
Hibernate: insert into user (created_date, modified_date, email, name, picture, role) values (?, ?, ?, ?, ?, ?)
2022-12-30 17:33:36.186  INFO 11389 --- [    Test worker] o.a.c.c.C.[Tomcat].[localhost].[/]       : Initializing Spring TestDispatcherServlet ''
2022-12-30 17:33:36.190  INFO 11389 --- [    Test worker] o.s.t.web.servlet.TestDispatcherServlet  : Initializing Servlet ''
2022-12-30 17:33:36.193  INFO 11389 --- [    Test worker] o.s.t.web.servlet.TestDispatcherServlet  : Completed initialization in 3 ms
Hibernate: insert into user (created_date, modified_date, email, name, picture, role) values (?, ?, ?, ?, ?, ?)
Hibernate: insert into posts (created_date, modified_date, content, title, user_id) values (?, ?, ?, ?, ?)
Hibernate: select posts0_.id as id1_2_, posts0_.created_date as created_2_2_, posts0_.modified_date as modified3_2_, posts0_.content as content4_2_, posts0_.title as title5_2_, posts0_.user_id as user_id6_2_ from posts posts0_
Hibernate: insert into comment (created_date, modified_date, comment, posts_id, user_id) values (?, ?, ?, ?, ?)
Hibernate: select comment0_.id as id1_1_, comment0_.created_date as created_2_1_, comment0_.modified_date as modified3_1_, comment0_.comment as comment4_1_, comment0_.posts_id as posts_id5_1_, comment0_.user_id as user_id6_1_ from comment comment0_

MockHttpServletRequest:
      HTTP Method = DELETE
      Request URI = /api/posts/2/comments/2
       Parameters = {}
          Headers = []
             Body = <no character encoding set>
    Session Attrs = {SPRING_SECURITY_CONTEXT=org.springframework.security.core.context.SecurityContextImpl@ca25360: Authentication: org.springframework.security.authentication.UsernamePasswordAuthenticationToken@ca25360: Principal: org.springframework.security.core.userdetails.User@36ebcb: Username: user; Password: [PROTECTED]; Enabled: true; AccountNonExpired: true; credentialsNonExpired: true; AccountNonLocked: true; Granted Authorities: ROLE_USER; Credentials: [PROTECTED]; Authenticated: true; Details: null; Granted Authorities: ROLE_USER}

Handler:
             Type = springboot.web.CommentsApiController
           Method = public java.lang.Long springboot.web.CommentsApiController.delete(java.lang.Long,java.lang.Long)

Async:
    Async started = false
     Async result = null

Resolved Exception:
             Type = null

ModelAndView:
        View name = null
             View = null
            Model = null

FlashMap:
       Attributes = null

MockHttpServletResponse:
           Status = 200
    Error message = null
          Headers = [Content-Type:"application/json;charset=UTF-8", X-Content-Type-Options:"nosniff", X-XSS-Protection:"1; mode=block", Cache-Control:"no-cache, no-store, max-age=0, must-revalidate", Pragma:"no-cache", Expires:"0"]
     Content type = application/json;charset=UTF-8
             Body = 2
    Forwarded URL = null
   Redirected URL = null
          Cookies = []
Hibernate: delete from comment where id=?
Hibernate: select comment0_.id as id1_1_, comment0_.created_date as created_2_1_, comment0_.modified_date as modified3_1_, comment0_.comment as comment4_1_, comment0_.posts_id as posts_id5_1_, comment0_.user_id as user_id6_1_ from comment comment0_
Hibernate: select posts0_.id as id1_2_, posts0_.created_date as created_2_2_, posts0_.modified_date as modified3_2_, posts0_.content as content4_2_, posts0_.title as title5_2_, posts0_.user_id as user_id6_2_ from posts posts0_
Hibernate: select user0_.id as id1_3_, user0_.created_date as created_2_3_, user0_.modified_date as modified3_3_, user0_.email as email4_3_, user0_.name as name5_3_, user0_.picture as picture6_3_, user0_.role as role7_3_ from user user0_
2022-12-30 17:33:36.507  INFO 11389 --- [    Test worker] o.s.t.c.transaction.TransactionContext   : Rolled back transaction for test: [DefaultTestContext@1672d843 testClass = CommentsApiControllerTest, testInstance = springboot.web.CommentsApiControllerTest@607a90c5, testMethod = comment_삭제@CommentsApiControllerTest, testException = [null], mergedContextConfiguration = [WebMergedContextConfiguration@3a92cb78 testClass = CommentsApiControllerTest, locations = '{}', classes = '{class springboot.Application}', contextInitializerClasses = '[]', activeProfiles = '{}', propertySourceLocations = '{}', propertySourceProperties = '{org.springframework.boot.test.context.SpringBootTestContextBootstrapper=true, server.port=0}', contextCustomizers = set[org.springframework.boot.test.autoconfigure.properties.PropertyMappingContextCustomizer@0, org.springframework.boot.test.autoconfigure.web.servlet.WebDriverContextCustomizerFactory$Customizer@13794e8d, org.springframework.boot.test.context.filter.ExcludeFilterContextCustomizer@4e5690dd, org.springframework.boot.test.json.DuplicateJsonObjectContextCustomizerFactory$DuplicateJsonObjectContextCustomizer@42830a4a, org.springframework.boot.test.mock.mockito.MockitoContextCustomizer@0, org.springframework.boot.test.web.client.TestRestTemplateContextCustomizer@6350908], resourceBasePath = 'src/main/webapp', contextLoader = 'org.springframework.boot.test.context.SpringBootContextLoader', parent = [null]], attributes = map['org.springframework.test.context.web.ServletTestExecutionListener.activateListener' -> false]]
Hibernate: select posts0_.id as id1_2_, posts0_.created_date as created_2_2_, posts0_.modified_date as modified3_2_, posts0_.content as content4_2_, posts0_.title as title5_2_, posts0_.user_id as user_id6_2_ from posts posts0_
Hibernate: select comment0_.id as id1_1_, comment0_.created_date as created_2_1_, comment0_.modified_date as modified3_1_, comment0_.comment as comment4_1_, comment0_.posts_id as posts_id5_1_, comment0_.user_id as user_id6_1_ from comment comment0_
]]></system-out>
  <system-err><![CDATA[]]></system-err>
</testsuite>
