<?xml version="1.0" encoding="UTF-8"?>
<testsuite name="springboot.WebApplicationTests" tests="1" skipped="0" failures="0" errors="0" timestamp="2022-12-30T08:33:10" hostname="supark4170" time="0.001">
  <properties/>
  <testcase name="contextLoads" classname="springboot.WebApplicationTests" time="0.001"/>
  <system-out><![CDATA[]]></system-out>
  <system-err><![CDATA[]]></system-err>
</testsuite>
