<?xml version="1.0" encoding="UTF-8"?>
<testsuite name="springboot.web.HelloControllerTest" tests="2" skipped="0" failures="0" errors="0" timestamp="2022-12-30T08:33:38" hostname="supark4170" time="0.137">
  <properties/>
  <testcase name="helloDto_return" classname="springboot.web.HelloControllerTest" time="0.119"/>
  <testcase name="hello_return" classname="springboot.web.HelloControllerTest" time="0.017"/>
  <system-out><![CDATA[2022-12-30 17:33:36.538  INFO 11389 --- [    Test worker] .b.t.a.w.s.WebMvcTestContextBootstrapper : Neither @ContextConfiguration nor @ContextHierarchy found for test class [springboot.web.HelloControllerTest], using SpringBootContextLoader
2022-12-30 17:33:36.541  INFO 11389 --- [    Test worker] o.s.t.c.support.AbstractContextLoader    : Could not detect default resource locations for test class [springboot.web.HelloControllerTest]: no resource found for suffixes {-context.xml, Context.groovy}.
2022-12-30 17:33:36.542  INFO 11389 --- [    Test worker] t.c.s.AnnotationConfigContextLoaderUtils : Could not detect default configuration classes for test class [springboot.web.HelloControllerTest]: HelloControllerTest does not declare any static, non-private, non-final, nested classes annotated with @Configuration.
2022-12-30 17:33:36.593  INFO 11389 --- [    Test worker] .b.t.c.SpringBootTestContextBootstrapper : Found @SpringBootConfiguration springboot.Application for test class springboot.web.HelloControllerTest
2022-12-30 17:33:36.594  INFO 11389 --- [    Test worker] .b.t.a.w.s.WebMvcTestContextBootstrapper : Loaded default TestExecutionListener class names from location [META-INF/spring.factories]: [org.springframework.security.test.context.support.WithSecurityContextTestExecutionListener, org.springframework.security.test.context.support.ReactorContextTestExecutionListener, org.springframework.boot.test.autoconfigure.restdocs.RestDocsTestExecutionListener, org.springframework.boot.test.autoconfigure.web.client.MockRestServiceServerResetTestExecutionListener, org.springframework.boot.test.autoconfigure.web.servlet.MockMvcPrintOnlyOnFailureTestExecutionListener, org.springframework.boot.test.autoconfigure.web.servlet.WebDriverTestExecutionListener, org.springframework.boot.test.mock.mockito.MockitoTestExecutionListener, org.springframework.boot.test.mock.mockito.ResetMocksTestExecutionListener, org.springframework.test.context.web.ServletTestExecutionListener, org.springframework.test.context.support.DirtiesContextBeforeModesTestExecutionListener, org.springframework.test.context.support.DependencyInjectionTestExecutionListener, org.springframework.test.context.support.DirtiesContextTestExecutionListener, org.springframework.test.context.transaction.TransactionalTestExecutionListener, org.springframework.test.context.jdbc.SqlScriptsTestExecutionListener]
2022-12-30 17:33:36.595  INFO 11389 --- [    Test worker] .b.t.a.w.s.WebMvcTestContextBootstrapper : Using TestExecutionListeners: [org.springframework.test.context.web.ServletTestExecutionListener@30b22760, org.springframework.test.context.support.DirtiesContextBeforeModesTestExecutionListener@35f43d67, org.springframework.boot.test.mock.mockito.MockitoTestExecutionListener@6eb90a05, org.springframework.boot.test.autoconfigure.SpringBootDependencyInjectionTestExecutionListener@e55de55, org.springframework.test.context.support.DirtiesContextTestExecutionListener@2f7d61d8, org.springframework.test.context.transaction.TransactionalTestExecutionListener@3bf67e55, org.springframework.test.context.jdbc.SqlScriptsTestExecutionListener@1d39a20c, org.springframework.security.test.context.support.WithSecurityContextTestExecutionListener@3dbe6088, org.springframework.security.test.context.support.ReactorContextTestExecutionListener@7909a546, org.springframework.boot.test.autoconfigure.restdocs.RestDocsTestExecutionListener@710578e4, org.springframework.boot.test.autoconfigure.web.client.MockRestServiceServerResetTestExecutionListener@217c9d0a, org.springframework.boot.test.autoconfigure.web.servlet.MockMvcPrintOnlyOnFailureTestExecutionListener@6f88038d, org.springframework.boot.test.autoconfigure.web.servlet.WebDriverTestExecutionListener@5b9fb8af, org.springframework.boot.test.mock.mockito.ResetMocksTestExecutionListener@1072960]

  .   ____          _            __ _ _
 /\\ / ___'_ __ _ _(_)_ __  __ _ \ \ \ \
( ( )\___ | '_ | '_| | '_ \/ _` | \ \ \ \
 \\/  ___)| |_)| | | | | || (_| |  ) ) ) )
  '  |____| .__|_| |_|_| |_\__, | / / / /
 =========|_|==============|___/=/_/_/_/
 :: Spring Boot ::        (v2.1.9.RELEASE)

2022-12-30 17:33:36.689  WARN 11389 --- [    Test worker] ory$DuplicateJsonObjectContextCustomizer : 

Found multiple occurrences of org.json.JSONObject on the class path:

	jar:file:/home/ec2-user/.gradle/caches/modules-2/files-2.1/org.json/json/20220320/6df2c050972619466f6dcef7654ef9bcc01dfd0/json-20220320.jar!/org/json/JSONObject.class
	jar:file:/home/ec2-user/.gradle/caches/modules-2/files-2.1/com.vaadin.external.google/android-json/0.0.20131108.vaadin1/fa26d351fe62a6a17f5cda1287c1c6110dec413f/android-json-0.0.20131108.vaadin1.jar!/org/json/JSONObject.class

You may wish to exclude one of them to ensure predictable runtime behavior

2022-12-30 17:33:36.693  INFO 11389 --- [    Test worker] springboot.web.HelloControllerTest       : Starting HelloControllerTest on supark4170 with PID 11389 (started by ec2-user in /home/ec2-user/app/step1/SpringBootboard)
2022-12-30 17:33:36.697  INFO 11389 --- [    Test worker] springboot.web.HelloControllerTest       : The following profiles are active: oauth
2022-12-30 17:33:37.634  INFO 11389 --- [    Test worker] o.s.s.concurrent.ThreadPoolTaskExecutor  : Initializing ExecutorService 'applicationTaskExecutor'
2022-12-30 17:33:37.702  INFO 11389 --- [    Test worker] o.s.b.a.w.s.WelcomePageHandlerMapping    : Adding welcome page template: index
2022-12-30 17:33:38.156  INFO 11389 --- [    Test worker] .s.s.UserDetailsServiceAutoConfiguration : 

Using generated security password: 545ce72e-f128-4d06-9283-f14b2d83cd28

2022-12-30 17:33:38.410  INFO 11389 --- [    Test worker] o.s.s.web.DefaultSecurityFilterChain     : Creating filter chain: any request, [org.springframework.security.web.context.request.async.WebAsyncManagerIntegrationFilter@5f4ca56d, org.springframework.security.web.context.SecurityContextPersistenceFilter@2c3eaea8, org.springframework.security.web.header.HeaderWriterFilter@28b514ae, org.springframework.security.web.csrf.CsrfFilter@128bebab, org.springframework.security.web.authentication.logout.LogoutFilter@20a34799, org.springframework.security.web.authentication.UsernamePasswordAuthenticationFilter@1e19d604, org.springframework.security.web.authentication.ui.DefaultLoginPageGeneratingFilter@7ae8f6e4, org.springframework.security.web.authentication.ui.DefaultLogoutPageGeneratingFilter@691bed3d, org.springframework.security.web.authentication.www.BasicAuthenticationFilter@75584359, org.springframework.security.web.savedrequest.RequestCacheAwareFilter@6ce56de8, org.springframework.security.web.servletapi.SecurityContextHolderAwareRequestFilter@6c7504be, org.springframework.security.web.authentication.AnonymousAuthenticationFilter@5eee39cc, org.springframework.security.web.session.SessionManagementFilter@652e74a0, org.springframework.security.web.access.ExceptionTranslationFilter@58730d1a, org.springframework.security.web.access.intercept.FilterSecurityInterceptor@d9ef12a]
2022-12-30 17:33:38.436  INFO 11389 --- [    Test worker] o.s.b.t.m.w.SpringBootMockServletContext : Initializing Spring TestDispatcherServlet ''
2022-12-30 17:33:38.436  INFO 11389 --- [    Test worker] o.s.t.web.servlet.TestDispatcherServlet  : Initializing Servlet ''
2022-12-30 17:33:38.438  INFO 11389 --- [    Test worker] o.s.t.web.servlet.TestDispatcherServlet  : Completed initialization in 1 ms
2022-12-30 17:33:38.494  INFO 11389 --- [    Test worker] springboot.web.HelloControllerTest       : Started HelloControllerTest in 1.884 seconds (JVM running for 28.863)
]]></system-out>
  <system-err><![CDATA[]]></system-err>
</testsuite>
