<?xml version="1.0" encoding="UTF-8"?>
<testsuite name="springboot.domain.posts.PostsRepositoryTest" tests="2" skipped="0" failures="0" errors="0" timestamp="2022-09-06T12:54:21" hostname="LAPTOP-MVO8EM6B" time="0.36">
  <properties/>
  <testcase name="BaseTimeEntity_등록" classname="springboot.domain.posts.PostsRepositoryTest" time="0.328"/>
  <testcase name="PostSave_findAll" classname="springboot.domain.posts.PostsRepositoryTest" time="0.031"/>
  <system-out><![CDATA[21:54:12.194 [Test worker] DEBUG org.springframework.test.context.junit4.SpringJUnit4ClassRunner - SpringJUnit4ClassRunner constructor called with [class springboot.domain.posts.PostsRepositoryTest]
21:54:12.205 [Test worker] DEBUG org.springframework.test.context.BootstrapUtils - Instantiating CacheAwareContextLoaderDelegate from class [org.springframework.test.context.cache.DefaultCacheAwareContextLoaderDelegate]
21:54:12.215 [Test worker] DEBUG org.springframework.test.context.BootstrapUtils - Instantiating BootstrapContext using constructor [public org.springframework.test.context.support.DefaultBootstrapContext(java.lang.Class,org.springframework.test.context.CacheAwareContextLoaderDelegate)]
21:54:12.235 [Test worker] DEBUG org.springframework.test.context.BootstrapUtils - Instantiating TestContextBootstrapper for test class [springboot.domain.posts.PostsRepositoryTest] from class [org.springframework.boot.test.context.SpringBootTestContextBootstrapper]
21:54:12.252 [Test worker] INFO org.springframework.boot.test.context.SpringBootTestContextBootstrapper - Neither @ContextConfiguration nor @ContextHierarchy found for test class [springboot.domain.posts.PostsRepositoryTest], using SpringBootContextLoader
21:54:12.252 [Test worker] DEBUG org.springframework.test.context.support.AbstractContextLoader - Did not detect default resource location for test class [springboot.domain.posts.PostsRepositoryTest]: class path resource [springboot/domain/posts/PostsRepositoryTest-context.xml] does not exist
21:54:12.252 [Test worker] DEBUG org.springframework.test.context.support.AbstractContextLoader - Did not detect default resource location for test class [springboot.domain.posts.PostsRepositoryTest]: class path resource [springboot/domain/posts/PostsRepositoryTestContext.groovy] does not exist
21:54:12.252 [Test worker] INFO org.springframework.test.context.support.AbstractContextLoader - Could not detect default resource locations for test class [springboot.domain.posts.PostsRepositoryTest]: no resource found for suffixes {-context.xml, Context.groovy}.
21:54:12.252 [Test worker] INFO org.springframework.test.context.support.AnnotationConfigContextLoaderUtils - Could not detect default configuration classes for test class [springboot.domain.posts.PostsRepositoryTest]: PostsRepositoryTest does not declare any static, non-private, non-final, nested classes annotated with @Configuration.
21:54:12.299 [Test worker] DEBUG org.springframework.test.context.support.ActiveProfilesUtils - Could not find an 'annotation declaring class' for annotation type [org.springframework.test.context.ActiveProfiles] and class [springboot.domain.posts.PostsRepositoryTest]
21:54:12.411 [Test worker] DEBUG org.springframework.context.annotation.ClassPathScanningCandidateComponentProvider - Identified candidate component class: file [C:\Users\PARK\IdeaProjects\SpringBootboard\build\classes\java\main\springboot\Application.class]
21:54:12.411 [Test worker] INFO org.springframework.boot.test.context.SpringBootTestContextBootstrapper - Found @SpringBootConfiguration springboot.Application for test class springboot.domain.posts.PostsRepositoryTest
21:54:12.571 [Test worker] DEBUG org.springframework.boot.test.context.SpringBootTestContextBootstrapper - @TestExecutionListeners is not present for class [springboot.domain.posts.PostsRepositoryTest]: using defaults.
21:54:12.587 [Test worker] INFO org.springframework.boot.test.context.SpringBootTestContextBootstrapper - Loaded default TestExecutionListener class names from location [META-INF/spring.factories]: [org.springframework.security.test.context.support.WithSecurityContextTestExecutionListener, org.springframework.security.test.context.support.ReactorContextTestExecutionListener, org.springframework.boot.test.autoconfigure.restdocs.RestDocsTestExecutionListener, org.springframework.boot.test.autoconfigure.web.client.MockRestServiceServerResetTestExecutionListener, org.springframework.boot.test.autoconfigure.web.servlet.MockMvcPrintOnlyOnFailureTestExecutionListener, org.springframework.boot.test.autoconfigure.web.servlet.WebDriverTestExecutionListener, org.springframework.boot.test.mock.mockito.MockitoTestExecutionListener, org.springframework.boot.test.mock.mockito.ResetMocksTestExecutionListener, org.springframework.test.context.web.ServletTestExecutionListener, org.springframework.test.context.support.DirtiesContextBeforeModesTestExecutionListener, org.springframework.test.context.support.DependencyInjectionTestExecutionListener, org.springframework.test.context.support.DirtiesContextTestExecutionListener, org.springframework.test.context.transaction.TransactionalTestExecutionListener, org.springframework.test.context.jdbc.SqlScriptsTestExecutionListener]
21:54:12.625 [Test worker] INFO org.springframework.boot.test.context.SpringBootTestContextBootstrapper - Using TestExecutionListeners: [org.springframework.test.context.web.ServletTestExecutionListener@13f5c7e4, org.springframework.test.context.support.DirtiesContextBeforeModesTestExecutionListener@4fb46b7c, org.springframework.boot.test.mock.mockito.MockitoTestExecutionListener@18d1d7b3, org.springframework.boot.test.autoconfigure.SpringBootDependencyInjectionTestExecutionListener@1e164d4a, org.springframework.test.context.support.DirtiesContextTestExecutionListener@2361638b, org.springframework.test.context.transaction.TransactionalTestExecutionListener@4f621310, org.springframework.test.context.jdbc.SqlScriptsTestExecutionListener@59183900, org.springframework.security.test.context.support.WithSecurityContextTestExecutionListener@75c85374, org.springframework.security.test.context.support.ReactorContextTestExecutionListener@5d1d0b7d, org.springframework.boot.test.autoconfigure.restdocs.RestDocsTestExecutionListener@2b8695d, org.springframework.boot.test.autoconfigure.web.client.MockRestServiceServerResetTestExecutionListener@1af08033, org.springframework.boot.test.autoconfigure.web.servlet.MockMvcPrintOnlyOnFailureTestExecutionListener@2d1433ea, org.springframework.boot.test.autoconfigure.web.servlet.WebDriverTestExecutionListener@18e793d6, org.springframework.boot.test.mock.mockito.ResetMocksTestExecutionListener@59d4f316]
21:54:12.625 [Test worker] DEBUG org.springframework.test.annotation.ProfileValueUtils - Retrieved @ProfileValueSourceConfiguration [null] for test class [springboot.domain.posts.PostsRepositoryTest]
21:54:12.625 [Test worker] DEBUG org.springframework.test.annotation.ProfileValueUtils - Retrieved ProfileValueSource type [class org.springframework.test.annotation.SystemProfileValueSource] for class [springboot.domain.posts.PostsRepositoryTest]
21:54:12.631 [Test worker] DEBUG org.springframework.test.annotation.ProfileValueUtils - Retrieved @ProfileValueSourceConfiguration [null] for test class [springboot.domain.posts.PostsRepositoryTest]
21:54:12.632 [Test worker] DEBUG org.springframework.test.annotation.ProfileValueUtils - Retrieved ProfileValueSource type [class org.springframework.test.annotation.SystemProfileValueSource] for class [springboot.domain.posts.PostsRepositoryTest]
21:54:12.635 [Test worker] DEBUG org.springframework.test.context.support.AbstractDirtiesContextTestExecutionListener - Before test class: context [DefaultTestContext@789ad0b testClass = PostsRepositoryTest, testInstance = [null], testMethod = [null], testException = [null], mergedContextConfiguration = [WebMergedContextConfiguration@5be9dcb3 testClass = PostsRepositoryTest, locations = '{}', classes = '{class springboot.Application}', contextInitializerClasses = '[]', activeProfiles = '{}', propertySourceLocations = '{}', propertySourceProperties = '{org.springframework.boot.test.context.SpringBootTestContextBootstrapper=true}', contextCustomizers = set[org.springframework.boot.test.autoconfigure.properties.PropertyMappingContextCustomizer@0, org.springframework.boot.test.autoconfigure.web.servlet.WebDriverContextCustomizerFactory$Customizer@524957e0, org.springframework.boot.test.context.filter.ExcludeFilterContextCustomizer@79be0fc5, org.springframework.boot.test.json.DuplicateJsonObjectContextCustomizerFactory$DuplicateJsonObjectContextCustomizer@43c06e62, org.springframework.boot.test.mock.mockito.MockitoContextCustomizer@0, org.springframework.boot.test.web.client.TestRestTemplateContextCustomizer@4016b34d], resourceBasePath = 'src/main/webapp', contextLoader = 'org.springframework.boot.test.context.SpringBootContextLoader', parent = [null]], attributes = map['org.springframework.test.context.web.ServletTestExecutionListener.activateListener' -> true]], class annotated with @DirtiesContext [false] with mode [null].
21:54:12.635 [Test worker] DEBUG org.springframework.test.annotation.ProfileValueUtils - Retrieved @ProfileValueSourceConfiguration [null] for test class [springboot.domain.posts.PostsRepositoryTest]
21:54:12.635 [Test worker] DEBUG org.springframework.test.annotation.ProfileValueUtils - Retrieved ProfileValueSource type [class org.springframework.test.annotation.SystemProfileValueSource] for class [springboot.domain.posts.PostsRepositoryTest]
21:54:12.674 [Test worker] DEBUG org.springframework.test.context.support.TestPropertySourceUtils - Adding inlined properties to environment: {spring.jmx.enabled=false, org.springframework.boot.test.context.SpringBootTestContextBootstrapper=true, server.port=-1}

  .   ____          _            __ _ _
 /\\ / ___'_ __ _ _(_)_ __  __ _ \ \ \ \
( ( )\___ | '_ | '_| | '_ \/ _` | \ \ \ \
 \\/  ___)| |_)| | | | | || (_| |  ) ) ) )
  '  |____| .__|_| |_|_| |_\__, | / / / /
 =========|_|==============|___/=/_/_/_/
 :: Spring Boot ::        (v2.1.9.RELEASE)

2022-09-06 21:54:13.117  INFO 2592 --- [    Test worker] s.domain.posts.PostsRepositoryTest       : Starting PostsRepositoryTest on LAPTOP-MVO8EM6B with PID 2592 (started by 박영서 in C:\Users\PARK\IdeaProjects\SpringBootboard)
2022-09-06 21:54:13.118  INFO 2592 --- [    Test worker] s.domain.posts.PostsRepositoryTest       : The following profiles are active: oauth
2022-09-06 21:54:14.109  INFO 2592 --- [    Test worker] .s.d.r.c.RepositoryConfigurationDelegate : Bootstrapping Spring Data repositories in DEFAULT mode.
2022-09-06 21:54:14.212  INFO 2592 --- [    Test worker] .s.d.r.c.RepositoryConfigurationDelegate : Finished Spring Data repository scanning in 91ms. Found 2 repository interfaces.
2022-09-06 21:54:14.824  INFO 2592 --- [    Test worker] trationDelegate$BeanPostProcessorChecker : Bean 'org.springframework.transaction.annotation.ProxyTransactionManagementConfiguration' of type [org.springframework.transaction.annotation.ProxyTransactionManagementConfiguration$$EnhancerBySpringCGLIB$$f18b10d0] is not eligible for getting processed by all BeanPostProcessors (for example: not eligible for auto-proxying)
2022-09-06 21:54:15.229  INFO 2592 --- [    Test worker] o.hibernate.jpa.internal.util.LogHelper  : HHH000204: Processing PersistenceUnitInfo [
	name: default
	...]
2022-09-06 21:54:15.400  INFO 2592 --- [    Test worker] org.hibernate.Version                    : HHH000412: Hibernate Core {5.3.12.Final}
2022-09-06 21:54:15.402  INFO 2592 --- [    Test worker] org.hibernate.cfg.Environment            : HHH000206: hibernate.properties not found
2022-09-06 21:54:15.726  INFO 2592 --- [    Test worker] o.hibernate.annotations.common.Version   : HCANN000001: Hibernate Commons Annotations {5.0.4.Final}
2022-09-06 21:54:15.958  INFO 2592 --- [    Test worker] com.zaxxer.hikari.HikariDataSource       : HikariPool-1 - Starting...
2022-09-06 21:54:17.051  INFO 2592 --- [    Test worker] com.zaxxer.hikari.HikariDataSource       : HikariPool-1 - Start completed.
2022-09-06 21:54:17.079  INFO 2592 --- [    Test worker] org.hibernate.dialect.Dialect            : HHH000400: Using dialect: org.hibernate.dialect.MySQL5Dialect
2022-09-06 21:54:18.305  INFO 2592 --- [    Test worker] j.LocalContainerEntityManagerFactoryBean : Initialized JPA EntityManagerFactory for persistence unit 'default'
2022-09-06 21:54:19.175  INFO 2592 --- [    Test worker] o.h.h.i.QueryTranslatorFactoryInitiator  : HHH000397: Using ASTQueryTranslatorFactory
2022-09-06 21:54:19.783  INFO 2592 --- [    Test worker] o.s.s.web.DefaultSecurityFilterChain     : Creating filter chain: any request, [org.springframework.security.web.context.request.async.WebAsyncManagerIntegrationFilter@7824b5b7, org.springframework.security.web.context.SecurityContextPersistenceFilter@648466e9, org.springframework.security.web.header.HeaderWriterFilter@71b4bb34, org.springframework.security.web.authentication.logout.LogoutFilter@51d78e44, org.springframework.security.oauth2.client.web.OAuth2AuthorizationRequestRedirectFilter@1df431c6, org.springframework.security.oauth2.client.web.OAuth2LoginAuthenticationFilter@3c2f5af5, org.springframework.security.web.authentication.ui.DefaultLoginPageGeneratingFilter@6b8cddc0, org.springframework.security.web.authentication.ui.DefaultLogoutPageGeneratingFilter@33e4ea6d, org.springframework.security.web.savedrequest.RequestCacheAwareFilter@38e1e2b0, org.springframework.security.web.servletapi.SecurityContextHolderAwareRequestFilter@3b2ecf16, org.springframework.security.web.authentication.AnonymousAuthenticationFilter@7cdb4205, org.springframework.security.web.session.SessionManagementFilter@adc3075, org.springframework.security.web.access.ExceptionTranslationFilter@363d2ec0, org.springframework.security.web.access.intercept.FilterSecurityInterceptor@18bb5949]
2022-09-06 21:54:20.586  INFO 2592 --- [    Test worker] o.s.s.concurrent.ThreadPoolTaskExecutor  : Initializing ExecutorService 'applicationTaskExecutor'
2022-09-06 21:54:20.682  WARN 2592 --- [    Test worker] aWebConfiguration$JpaWebMvcConfiguration : spring.jpa.open-in-view is enabled by default. Therefore, database queries may be performed during view rendering. Explicitly configure spring.jpa.open-in-view to disable this warning
2022-09-06 21:54:20.760  INFO 2592 --- [    Test worker] o.s.b.a.w.s.WelcomePageHandlerMapping    : Adding welcome page template: index
2022-09-06 21:54:21.491  INFO 2592 --- [    Test worker] s.a.ScheduledAnnotationBeanPostProcessor : No TaskScheduler/ScheduledExecutorService bean found for scheduled processing
2022-09-06 21:54:21.503  INFO 2592 --- [    Test worker] s.domain.posts.PostsRepositoryTest       : Started PostsRepositoryTest in 8.818 seconds (JVM running for 10.638)
Hibernate: insert into posts (created_date, modified_date, author, content, title) values (?, ?, ?, ?, ?)
Hibernate: select posts0_.id as id1_0_, posts0_.created_date as created_2_0_, posts0_.modified_date as modified3_0_, posts0_.author as author4_0_, posts0_.content as content5_0_, posts0_.title as title6_0_ from posts posts0_
>>>>>> createdDate = 2022-09-06T21:53:17, modifiedDate = 2022-09-06T21:53:17
Hibernate: select posts0_.id as id1_0_, posts0_.created_date as created_2_0_, posts0_.modified_date as modified3_0_, posts0_.author as author4_0_, posts0_.content as content5_0_, posts0_.title as title6_0_ from posts posts0_
Hibernate: delete from posts where id=?
Hibernate: delete from posts where id=?
Hibernate: insert into posts (created_date, modified_date, author, content, title) values (?, ?, ?, ?, ?)
Hibernate: select posts0_.id as id1_0_, posts0_.created_date as created_2_0_, posts0_.modified_date as modified3_0_, posts0_.author as author4_0_, posts0_.content as content5_0_, posts0_.title as title6_0_ from posts posts0_
Hibernate: select posts0_.id as id1_0_, posts0_.created_date as created_2_0_, posts0_.modified_date as modified3_0_, posts0_.author as author4_0_, posts0_.content as content5_0_, posts0_.title as title6_0_ from posts posts0_
Hibernate: delete from posts where id=?
]]></system-out>
  <system-err><![CDATA[]]></system-err>
</testsuite>
