<?xml version="1.0" encoding="UTF-8"?>
<testsuite name="springboot.web.IndexControllerTest" tests="1" skipped="0" failures="0" errors="0" timestamp="2022-09-07T14:06:00" hostname="LAPTOP-MVO8EM6B" time="0.503">
  <properties/>
  <testcase name="MainPage_loading" classname="springboot.web.IndexControllerTest" time="0.503"/>
  <system-out><![CDATA[2022-09-07 23:05:55.598  INFO 12568 --- [    Test worker] .b.t.c.SpringBootTestContextBootstrapper : Neither @ContextConfiguration nor @ContextHierarchy found for test class [springboot.web.IndexControllerTest], using SpringBootContextLoader
2022-09-07 23:05:55.601  INFO 12568 --- [    Test worker] o.s.t.c.support.AbstractContextLoader    : Could not detect default resource locations for test class [springboot.web.IndexControllerTest]: no resource found for suffixes {-context.xml, Context.groovy}.
2022-09-07 23:05:55.601  INFO 12568 --- [    Test worker] t.c.s.AnnotationConfigContextLoaderUtils : Could not detect default configuration classes for test class [springboot.web.IndexControllerTest]: IndexControllerTest does not declare any static, non-private, non-final, nested classes annotated with @Configuration.
2022-09-07 23:05:55.605  INFO 12568 --- [    Test worker] .b.t.c.SpringBootTestContextBootstrapper : Found @SpringBootConfiguration springboot.Application for test class springboot.web.IndexControllerTest
2022-09-07 23:05:55.608  INFO 12568 --- [    Test worker] .b.t.c.SpringBootTestContextBootstrapper : Loaded default TestExecutionListener class names from location [META-INF/spring.factories]: [org.springframework.security.test.context.support.WithSecurityContextTestExecutionListener, org.springframework.security.test.context.support.ReactorContextTestExecutionListener, org.springframework.boot.test.autoconfigure.restdocs.RestDocsTestExecutionListener, org.springframework.boot.test.autoconfigure.web.client.MockRestServiceServerResetTestExecutionListener, org.springframework.boot.test.autoconfigure.web.servlet.MockMvcPrintOnlyOnFailureTestExecutionListener, org.springframework.boot.test.autoconfigure.web.servlet.WebDriverTestExecutionListener, org.springframework.boot.test.mock.mockito.MockitoTestExecutionListener, org.springframework.boot.test.mock.mockito.ResetMocksTestExecutionListener, org.springframework.test.context.web.ServletTestExecutionListener, org.springframework.test.context.support.DirtiesContextBeforeModesTestExecutionListener, org.springframework.test.context.support.DependencyInjectionTestExecutionListener, org.springframework.test.context.support.DirtiesContextTestExecutionListener, org.springframework.test.context.transaction.TransactionalTestExecutionListener, org.springframework.test.context.jdbc.SqlScriptsTestExecutionListener]
2022-09-07 23:05:55.611  INFO 12568 --- [    Test worker] .b.t.c.SpringBootTestContextBootstrapper : Using TestExecutionListeners: [org.springframework.test.context.web.ServletTestExecutionListener@4f46771f, org.springframework.test.context.support.DirtiesContextBeforeModesTestExecutionListener@6162c64a, org.springframework.boot.test.mock.mockito.MockitoTestExecutionListener@419197be, org.springframework.boot.test.autoconfigure.SpringBootDependencyInjectionTestExecutionListener@4c21113, org.springframework.test.context.support.DirtiesContextTestExecutionListener@7840601b, org.springframework.test.context.transaction.TransactionalTestExecutionListener@fe7a9cf, org.springframework.test.context.jdbc.SqlScriptsTestExecutionListener@4286f3ea, org.springframework.security.test.context.support.WithSecurityContextTestExecutionListener@56d82820, org.springframework.security.test.context.support.ReactorContextTestExecutionListener@2de3ca58, org.springframework.boot.test.autoconfigure.restdocs.RestDocsTestExecutionListener@1ff8a7fa, org.springframework.boot.test.autoconfigure.web.client.MockRestServiceServerResetTestExecutionListener@6a141e4c, org.springframework.boot.test.autoconfigure.web.servlet.MockMvcPrintOnlyOnFailureTestExecutionListener@7d9ab206, org.springframework.boot.test.autoconfigure.web.servlet.WebDriverTestExecutionListener@4e9816e7, org.springframework.boot.test.mock.mockito.ResetMocksTestExecutionListener@1485afb9]

  .   ____          _            __ _ _
 /\\ / ___'_ __ _ _(_)_ __  __ _ \ \ \ \
( ( )\___ | '_ | '_| | '_ \/ _` | \ \ \ \
 \\/  ___)| |_)| | | | | || (_| |  ) ) ) )
  '  |____| .__|_| |_|_| |_\__, | / / / /
 =========|_|==============|___/=/_/_/_/
 :: Spring Boot ::        (v2.1.9.RELEASE)

2022-09-07 23:05:55.740  INFO 12568 --- [    Test worker] springboot.web.IndexControllerTest       : Starting IndexControllerTest on LAPTOP-MVO8EM6B with PID 12568 (started by 박영서 in C:\Users\PARK\IdeaProjects\SpringBootboard)
2022-09-07 23:05:55.740  INFO 12568 --- [    Test worker] springboot.web.IndexControllerTest       : The following profiles are active: oauth
2022-09-07 23:05:56.224  INFO 12568 --- [    Test worker] .s.d.r.c.RepositoryConfigurationDelegate : Bootstrapping Spring Data repositories in DEFAULT mode.
2022-09-07 23:05:56.282  INFO 12568 --- [    Test worker] .s.d.r.c.RepositoryConfigurationDelegate : Finished Spring Data repository scanning in 58ms. Found 2 repository interfaces.
2022-09-07 23:05:56.446  INFO 12568 --- [    Test worker] trationDelegate$BeanPostProcessorChecker : Bean 'org.springframework.transaction.annotation.ProxyTransactionManagementConfiguration' of type [org.springframework.transaction.annotation.ProxyTransactionManagementConfiguration$$EnhancerBySpringCGLIB$$f76b8e1d] is not eligible for getting processed by all BeanPostProcessors (for example: not eligible for auto-proxying)
2022-09-07 23:05:56.917  INFO 12568 --- [    Test worker] o.s.b.w.embedded.tomcat.TomcatWebServer  : Tomcat initialized with port(s): 0 (http)
2022-09-07 23:05:56.971  INFO 12568 --- [    Test worker] o.apache.catalina.core.StandardService   : Starting service [Tomcat]
2022-09-07 23:05:56.972  INFO 12568 --- [    Test worker] org.apache.catalina.core.StandardEngine  : Starting Servlet engine: [Apache Tomcat/9.0.26]
2022-09-07 23:05:57.319  INFO 12568 --- [    Test worker] o.a.c.c.C.[Tomcat].[localhost].[/]       : Initializing Spring embedded WebApplicationContext
2022-09-07 23:05:57.319  INFO 12568 --- [    Test worker] o.s.web.context.ContextLoader            : Root WebApplicationContext: initialization completed in 1575 ms
2022-09-07 23:05:57.701  INFO 12568 --- [    Test worker] o.hibernate.jpa.internal.util.LogHelper  : HHH000204: Processing PersistenceUnitInfo [
	name: default
	...]
2022-09-07 23:05:57.721  INFO 12568 --- [    Test worker] com.zaxxer.hikari.HikariDataSource       : HikariPool-2 - Starting...
2022-09-07 23:05:57.786  INFO 12568 --- [    Test worker] com.zaxxer.hikari.HikariDataSource       : HikariPool-2 - Start completed.
2022-09-07 23:05:57.786  INFO 12568 --- [    Test worker] org.hibernate.dialect.Dialect            : HHH000400: Using dialect: org.hibernate.dialect.MySQL5Dialect
2022-09-07 23:05:57.869  INFO 12568 --- [    Test worker] j.LocalContainerEntityManagerFactoryBean : Initialized JPA EntityManagerFactory for persistence unit 'default'
2022-09-07 23:05:58.768  INFO 12568 --- [    Test worker] o.h.h.i.QueryTranslatorFactoryInitiator  : HHH000397: Using ASTQueryTranslatorFactory
2022-09-07 23:05:59.510  INFO 12568 --- [    Test worker] o.s.s.web.DefaultSecurityFilterChain     : Creating filter chain: any request, [org.springframework.security.web.context.request.async.WebAsyncManagerIntegrationFilter@49ffcd09, org.springframework.security.web.context.SecurityContextPersistenceFilter@1d06823e, org.springframework.security.web.header.HeaderWriterFilter@3b92b292, org.springframework.security.web.authentication.logout.LogoutFilter@ca2087c, org.springframework.security.oauth2.client.web.OAuth2AuthorizationRequestRedirectFilter@61a0b9d9, org.springframework.security.oauth2.client.web.OAuth2LoginAuthenticationFilter@692889f, org.springframework.security.web.authentication.ui.DefaultLoginPageGeneratingFilter@259c7983, org.springframework.security.web.authentication.ui.DefaultLogoutPageGeneratingFilter@ce8699f, org.springframework.security.web.savedrequest.RequestCacheAwareFilter@715975d8, org.springframework.security.web.servletapi.SecurityContextHolderAwareRequestFilter@5f715f43, org.springframework.security.web.authentication.AnonymousAuthenticationFilter@68e267aa, org.springframework.security.web.session.SessionManagementFilter@46c79a14, org.springframework.security.web.access.ExceptionTranslationFilter@124fcf81, org.springframework.security.web.access.intercept.FilterSecurityInterceptor@23accfd6]
2022-09-07 23:06:00.052  INFO 12568 --- [    Test worker] o.s.s.concurrent.ThreadPoolTaskExecutor  : Initializing ExecutorService 'applicationTaskExecutor'
2022-09-07 23:06:00.083  WARN 12568 --- [    Test worker] aWebConfiguration$JpaWebMvcConfiguration : spring.jpa.open-in-view is enabled by default. Therefore, database queries may be performed during view rendering. Explicitly configure spring.jpa.open-in-view to disable this warning
2022-09-07 23:06:00.148  INFO 12568 --- [    Test worker] o.s.b.a.w.s.WelcomePageHandlerMapping    : Adding welcome page template: index
2022-09-07 23:06:00.928  INFO 12568 --- [    Test worker] s.a.ScheduledAnnotationBeanPostProcessor : No TaskScheduler/ScheduledExecutorService bean found for scheduled processing
2022-09-07 23:06:00.966  INFO 12568 --- [    Test worker] o.s.b.w.embedded.tomcat.TomcatWebServer  : Tomcat started on port(s): 58215 (http) with context path ''
2022-09-07 23:06:00.972  INFO 12568 --- [    Test worker] springboot.web.IndexControllerTest       : Started IndexControllerTest in 5.356 seconds (JVM running for 24.713)
2022-09-07 23:06:01.242  INFO 12568 --- [o-auto-1-exec-9] o.a.c.c.C.[Tomcat].[localhost].[/]       : Initializing Spring DispatcherServlet 'dispatcherServlet'
2022-09-07 23:06:01.242  INFO 12568 --- [o-auto-1-exec-9] o.s.web.servlet.DispatcherServlet        : Initializing Servlet 'dispatcherServlet'
2022-09-07 23:06:01.291  INFO 12568 --- [o-auto-1-exec-9] o.s.web.servlet.DispatcherServlet        : Completed initialization in 48 ms
Hibernate: select posts0_.id as id1_0_, posts0_.created_date as created_2_0_, posts0_.modified_date as modified3_0_, posts0_.author as author4_0_, posts0_.content as content5_0_, posts0_.title as title6_0_ from posts posts0_ order by posts0_.id DESC
]]></system-out>
  <system-err><![CDATA[]]></system-err>
</testsuite>
