<?xml version="1.0" encoding="UTF-8"?>
<testsuite name="springboot.web.IndexControllerTest" tests="1" skipped="0" failures="0" errors="0" timestamp="2022-12-30T08:33:38" hostname="supark4170" time="0.465">
  <properties/>
  <testcase name="MainPage_loading" classname="springboot.web.IndexControllerTest" time="0.465"/>
  <system-out><![CDATA[2022-12-30 17:33:38.636  INFO 11389 --- [    Test worker] .b.t.c.SpringBootTestContextBootstrapper : Neither @ContextConfiguration nor @ContextHierarchy found for test class [springboot.web.IndexControllerTest], using SpringBootContextLoader
2022-12-30 17:33:38.637  INFO 11389 --- [    Test worker] o.s.t.c.support.AbstractContextLoader    : Could not detect default resource locations for test class [springboot.web.IndexControllerTest]: no resource found for suffixes {-context.xml, Context.groovy}.
2022-12-30 17:33:38.637  INFO 11389 --- [    Test worker] t.c.s.AnnotationConfigContextLoaderUtils : Could not detect default configuration classes for test class [springboot.web.IndexControllerTest]: IndexControllerTest does not declare any static, non-private, non-final, nested classes annotated with @Configuration.
2022-12-30 17:33:38.640  INFO 11389 --- [    Test worker] .b.t.c.SpringBootTestContextBootstrapper : Found @SpringBootConfiguration springboot.Application for test class springboot.web.IndexControllerTest
2022-12-30 17:33:38.647  INFO 11389 --- [    Test worker] .b.t.c.SpringBootTestContextBootstrapper : Loaded default TestExecutionListener class names from location [META-INF/spring.factories]: [org.springframework.security.test.context.support.WithSecurityContextTestExecutionListener, org.springframework.security.test.context.support.ReactorContextTestExecutionListener, org.springframework.boot.test.autoconfigure.restdocs.RestDocsTestExecutionListener, org.springframework.boot.test.autoconfigure.web.client.MockRestServiceServerResetTestExecutionListener, org.springframework.boot.test.autoconfigure.web.servlet.MockMvcPrintOnlyOnFailureTestExecutionListener, org.springframework.boot.test.autoconfigure.web.servlet.WebDriverTestExecutionListener, org.springframework.boot.test.mock.mockito.MockitoTestExecutionListener, org.springframework.boot.test.mock.mockito.ResetMocksTestExecutionListener, org.springframework.test.context.web.ServletTestExecutionListener, org.springframework.test.context.support.DirtiesContextBeforeModesTestExecutionListener, org.springframework.test.context.support.DependencyInjectionTestExecutionListener, org.springframework.test.context.support.DirtiesContextTestExecutionListener, org.springframework.test.context.transaction.TransactionalTestExecutionListener, org.springframework.test.context.jdbc.SqlScriptsTestExecutionListener]
2022-12-30 17:33:38.652  INFO 11389 --- [    Test worker] .b.t.c.SpringBootTestContextBootstrapper : Using TestExecutionListeners: [org.springframework.test.context.web.ServletTestExecutionListener@24f80a56, org.springframework.test.context.support.DirtiesContextBeforeModesTestExecutionListener@239750b0, org.springframework.boot.test.mock.mockito.MockitoTestExecutionListener@2ca3b03c, org.springframework.boot.test.autoconfigure.SpringBootDependencyInjectionTestExecutionListener@9879922, org.springframework.test.context.support.DirtiesContextTestExecutionListener@6d4988fe, org.springframework.test.context.transaction.TransactionalTestExecutionListener@74424737, org.springframework.test.context.jdbc.SqlScriptsTestExecutionListener@45d13bd3, org.springframework.security.test.context.support.WithSecurityContextTestExecutionListener@70aae4c2, org.springframework.security.test.context.support.ReactorContextTestExecutionListener@51858c51, org.springframework.boot.test.autoconfigure.restdocs.RestDocsTestExecutionListener@379812a9, org.springframework.boot.test.autoconfigure.web.client.MockRestServiceServerResetTestExecutionListener@7bdba82a, org.springframework.boot.test.autoconfigure.web.servlet.MockMvcPrintOnlyOnFailureTestExecutionListener@5cf0cf67, org.springframework.boot.test.autoconfigure.web.servlet.WebDriverTestExecutionListener@21ea27ac, org.springframework.boot.test.mock.mockito.ResetMocksTestExecutionListener@56906462]
2022-12-30 17:33:38.913  INFO 11389 --- [o-auto-1-exec-1] o.a.c.c.C.[Tomcat].[localhost].[/]       : Initializing Spring DispatcherServlet 'dispatcherServlet'
2022-12-30 17:33:38.913  INFO 11389 --- [o-auto-1-exec-1] o.s.web.servlet.DispatcherServlet        : Initializing Servlet 'dispatcherServlet'
2022-12-30 17:33:38.916  INFO 11389 --- [o-auto-1-exec-1] o.s.web.servlet.DispatcherServlet        : Completed initialization in 3 ms
Hibernate: select posts0_.id as id1_2_, posts0_.created_date as created_2_2_, posts0_.modified_date as modified3_2_, posts0_.content as content4_2_, posts0_.title as title5_2_, posts0_.user_id as user_id6_2_ from posts posts0_ order by posts0_.id DESC limit ?
]]></system-out>
  <system-err><![CDATA[]]></system-err>
</testsuite>
