<?xml version="1.0" encoding="UTF-8"?>
<testsuite name="springboot.web.HelloControllerTest" tests="2" skipped="0" failures="0" errors="0" timestamp="2022-09-07T14:05:55" hostname="LAPTOP-MVO8EM6B" time="0.307">
  <properties/>
  <testcase name="helloDto_return" classname="springboot.web.HelloControllerTest" time="0.287"/>
  <testcase name="hello_return" classname="springboot.web.HelloControllerTest" time="0.018"/>
  <system-out><![CDATA[2022-09-07 23:05:53.273  INFO 12568 --- [    Test worker] .b.t.a.w.s.WebMvcTestContextBootstrapper : Neither @ContextConfiguration nor @ContextHierarchy found for test class [springboot.web.HelloControllerTest], using SpringBootContextLoader
2022-09-07 23:05:53.275  INFO 12568 --- [    Test worker] o.s.t.c.support.AbstractContextLoader    : Could not detect default resource locations for test class [springboot.web.HelloControllerTest]: no resource found for suffixes {-context.xml, Context.groovy}.
2022-09-07 23:05:53.275  INFO 12568 --- [    Test worker] t.c.s.AnnotationConfigContextLoaderUtils : Could not detect default configuration classes for test class [springboot.web.HelloControllerTest]: HelloControllerTest does not declare any static, non-private, non-final, nested classes annotated with @Configuration.
2022-09-07 23:05:53.342  INFO 12568 --- [    Test worker] .b.t.c.SpringBootTestContextBootstrapper : Found @SpringBootConfiguration springboot.Application for test class springboot.web.HelloControllerTest
2022-09-07 23:05:53.343  INFO 12568 --- [    Test worker] .b.t.a.w.s.WebMvcTestContextBootstrapper : Loaded default TestExecutionListener class names from location [META-INF/spring.factories]: [org.springframework.security.test.context.support.WithSecurityContextTestExecutionListener, org.springframework.security.test.context.support.ReactorContextTestExecutionListener, org.springframework.boot.test.autoconfigure.restdocs.RestDocsTestExecutionListener, org.springframework.boot.test.autoconfigure.web.client.MockRestServiceServerResetTestExecutionListener, org.springframework.boot.test.autoconfigure.web.servlet.MockMvcPrintOnlyOnFailureTestExecutionListener, org.springframework.boot.test.autoconfigure.web.servlet.WebDriverTestExecutionListener, org.springframework.boot.test.mock.mockito.MockitoTestExecutionListener, org.springframework.boot.test.mock.mockito.ResetMocksTestExecutionListener, org.springframework.test.context.web.ServletTestExecutionListener, org.springframework.test.context.support.DirtiesContextBeforeModesTestExecutionListener, org.springframework.test.context.support.DependencyInjectionTestExecutionListener, org.springframework.test.context.support.DirtiesContextTestExecutionListener, org.springframework.test.context.transaction.TransactionalTestExecutionListener, org.springframework.test.context.jdbc.SqlScriptsTestExecutionListener]
2022-09-07 23:05:53.349  INFO 12568 --- [    Test worker] .b.t.a.w.s.WebMvcTestContextBootstrapper : Using TestExecutionListeners: [org.springframework.test.context.web.ServletTestExecutionListener@1977c355, org.springframework.test.context.support.DirtiesContextBeforeModesTestExecutionListener@4425fb68, org.springframework.boot.test.mock.mockito.MockitoTestExecutionListener@8d8eea0, org.springframework.boot.test.autoconfigure.SpringBootDependencyInjectionTestExecutionListener@735c57fc, org.springframework.test.context.support.DirtiesContextTestExecutionListener@54964fa9, org.springframework.test.context.transaction.TransactionalTestExecutionListener@3f8300e8, org.springframework.test.context.jdbc.SqlScriptsTestExecutionListener@70e15456, org.springframework.security.test.context.support.WithSecurityContextTestExecutionListener@61130e01, org.springframework.security.test.context.support.ReactorContextTestExecutionListener@71eee8d, org.springframework.boot.test.autoconfigure.restdocs.RestDocsTestExecutionListener@203d3ac6, org.springframework.boot.test.autoconfigure.web.client.MockRestServiceServerResetTestExecutionListener@5a049973, org.springframework.boot.test.autoconfigure.web.servlet.MockMvcPrintOnlyOnFailureTestExecutionListener@239ef734, org.springframework.boot.test.autoconfigure.web.servlet.WebDriverTestExecutionListener@53840f4c, org.springframework.boot.test.mock.mockito.ResetMocksTestExecutionListener@1aa6f4f0]

  .   ____          _            __ _ _
 /\\ / ___'_ __ _ _(_)_ __  __ _ \ \ \ \
( ( )\___ | '_ | '_| | '_ \/ _` | \ \ \ \
 \\/  ___)| |_)| | | | | || (_| |  ) ) ) )
  '  |____| .__|_| |_|_| |_\__, | / / / /
 =========|_|==============|___/=/_/_/_/
 :: Spring Boot ::        (v2.1.9.RELEASE)

2022-09-07 23:05:53.484  INFO 12568 --- [    Test worker] springboot.web.HelloControllerTest       : Starting HelloControllerTest on LAPTOP-MVO8EM6B with PID 12568 (started by 박영서 in C:\Users\PARK\IdeaProjects\SpringBootboard)
2022-09-07 23:05:53.484  INFO 12568 --- [    Test worker] springboot.web.HelloControllerTest       : The following profiles are active: oauth
2022-09-07 23:05:54.354  INFO 12568 --- [    Test worker] o.s.s.concurrent.ThreadPoolTaskExecutor  : Initializing ExecutorService 'applicationTaskExecutor'
2022-09-07 23:05:54.416  INFO 12568 --- [    Test worker] o.s.b.a.w.s.WelcomePageHandlerMapping    : Adding welcome page template: index
2022-09-07 23:05:54.825  INFO 12568 --- [    Test worker] .s.s.UserDetailsServiceAutoConfiguration : 

Using generated security password: fdebcc46-ea79-4d65-b13a-124a983348c3

2022-09-07 23:05:55.117  INFO 12568 --- [    Test worker] o.s.s.web.DefaultSecurityFilterChain     : Creating filter chain: any request, [org.springframework.security.web.context.request.async.WebAsyncManagerIntegrationFilter@327ebd51, org.springframework.security.web.context.SecurityContextPersistenceFilter@266f48f8, org.springframework.security.web.header.HeaderWriterFilter@7c18cdb3, org.springframework.security.web.csrf.CsrfFilter@771b9788, org.springframework.security.web.authentication.logout.LogoutFilter@2ae16ea6, org.springframework.security.web.authentication.UsernamePasswordAuthenticationFilter@33481967, org.springframework.security.web.authentication.ui.DefaultLoginPageGeneratingFilter@35633c8b, org.springframework.security.web.authentication.ui.DefaultLogoutPageGeneratingFilter@1e05bef6, org.springframework.security.web.authentication.www.BasicAuthenticationFilter@4f32b774, org.springframework.security.web.savedrequest.RequestCacheAwareFilter@7dd9c691, org.springframework.security.web.servletapi.SecurityContextHolderAwareRequestFilter@4796e9cc, org.springframework.security.web.authentication.AnonymousAuthenticationFilter@44563355, org.springframework.security.web.session.SessionManagementFilter@5714a26f, org.springframework.security.web.access.ExceptionTranslationFilter@60176f53, org.springframework.security.web.access.intercept.FilterSecurityInterceptor@6110af70]
2022-09-07 23:05:55.190  INFO 12568 --- [    Test worker] o.s.b.t.m.w.SpringBootMockServletContext : Initializing Spring TestDispatcherServlet ''
2022-09-07 23:05:55.191  INFO 12568 --- [    Test worker] o.s.t.web.servlet.TestDispatcherServlet  : Initializing Servlet ''
2022-09-07 23:05:55.221  INFO 12568 --- [    Test worker] o.s.t.web.servlet.TestDispatcherServlet  : Completed initialization in 29 ms
2022-09-07 23:05:55.278  INFO 12568 --- [    Test worker] springboot.web.HelloControllerTest       : Started HelloControllerTest in 1.915 seconds (JVM running for 19.019)
]]></system-out>
  <system-err><![CDATA[]]></system-err>
</testsuite>
