<?xml version="1.0" encoding="UTF-8"?>
<testsuite name="springboot.web.PostApiControllerTest" tests="2" skipped="0" failures="0" errors="0" timestamp="2022-09-06T12:54:26" hostname="LAPTOP-MVO8EM6B" time="0.145">
  <properties/>
  <testcase name="posts_등록" classname="springboot.web.PostApiControllerTest" time="0.099"/>
  <testcase name="posts_수정" classname="springboot.web.PostApiControllerTest" time="0.045"/>
  <system-out><![CDATA[2022-09-06 21:54:26.416  INFO 2592 --- [    Test worker] .b.t.c.SpringBootTestContextBootstrapper : Neither @ContextConfiguration nor @ContextHierarchy found for test class [springboot.web.PostApiControllerTest], using SpringBootContextLoader
2022-09-06 21:54:26.417  INFO 2592 --- [    Test worker] o.s.t.c.support.AbstractContextLoader    : Could not detect default resource locations for test class [springboot.web.PostApiControllerTest]: no resource found for suffixes {-context.xml, Context.groovy}.
2022-09-06 21:54:26.418  INFO 2592 --- [    Test worker] t.c.s.AnnotationConfigContextLoaderUtils : Could not detect default configuration classes for test class [springboot.web.PostApiControllerTest]: PostApiControllerTest does not declare any static, non-private, non-final, nested classes annotated with @Configuration.
2022-09-06 21:54:26.420  INFO 2592 --- [    Test worker] .b.t.c.SpringBootTestContextBootstrapper : Found @SpringBootConfiguration springboot.Application for test class springboot.web.PostApiControllerTest
2022-09-06 21:54:26.421  INFO 2592 --- [    Test worker] .b.t.c.SpringBootTestContextBootstrapper : Loaded default TestExecutionListener class names from location [META-INF/spring.factories]: [org.springframework.security.test.context.support.WithSecurityContextTestExecutionListener, org.springframework.security.test.context.support.ReactorContextTestExecutionListener, org.springframework.boot.test.autoconfigure.restdocs.RestDocsTestExecutionListener, org.springframework.boot.test.autoconfigure.web.client.MockRestServiceServerResetTestExecutionListener, org.springframework.boot.test.autoconfigure.web.servlet.MockMvcPrintOnlyOnFailureTestExecutionListener, org.springframework.boot.test.autoconfigure.web.servlet.WebDriverTestExecutionListener, org.springframework.boot.test.mock.mockito.MockitoTestExecutionListener, org.springframework.boot.test.mock.mockito.ResetMocksTestExecutionListener, org.springframework.test.context.web.ServletTestExecutionListener, org.springframework.test.context.support.DirtiesContextBeforeModesTestExecutionListener, org.springframework.test.context.support.DependencyInjectionTestExecutionListener, org.springframework.test.context.support.DirtiesContextTestExecutionListener, org.springframework.test.context.transaction.TransactionalTestExecutionListener, org.springframework.test.context.jdbc.SqlScriptsTestExecutionListener]
2022-09-06 21:54:26.422  INFO 2592 --- [    Test worker] .b.t.c.SpringBootTestContextBootstrapper : Using TestExecutionListeners: [org.springframework.test.context.web.ServletTestExecutionListener@61e288e1, org.springframework.test.context.support.DirtiesContextBeforeModesTestExecutionListener@5ad0c7ce, org.springframework.boot.test.mock.mockito.MockitoTestExecutionListener@327393e1, org.springframework.boot.test.autoconfigure.SpringBootDependencyInjectionTestExecutionListener@2077058d, org.springframework.test.context.support.DirtiesContextTestExecutionListener@55a724e2, org.springframework.test.context.transaction.TransactionalTestExecutionListener@995772f, org.springframework.test.context.jdbc.SqlScriptsTestExecutionListener@27571167, org.springframework.security.test.context.support.WithSecurityContextTestExecutionListener@3f94336d, org.springframework.security.test.context.support.ReactorContextTestExecutionListener@53788049, org.springframework.boot.test.autoconfigure.restdocs.RestDocsTestExecutionListener@7176a906, org.springframework.boot.test.autoconfigure.web.client.MockRestServiceServerResetTestExecutionListener@6eb55266, org.springframework.boot.test.autoconfigure.web.servlet.MockMvcPrintOnlyOnFailureTestExecutionListener@70240b86, org.springframework.boot.test.autoconfigure.web.servlet.WebDriverTestExecutionListener@67c9a703, org.springframework.boot.test.mock.mockito.ResetMocksTestExecutionListener@23330c65]
2022-09-06 21:54:26.434  INFO 2592 --- [    Test worker] o.a.c.c.C.[Tomcat].[localhost].[/]       : Initializing Spring TestDispatcherServlet ''
2022-09-06 21:54:26.434  INFO 2592 --- [    Test worker] o.s.t.web.servlet.TestDispatcherServlet  : Initializing Servlet ''
2022-09-06 21:54:26.436  INFO 2592 --- [    Test worker] o.s.t.web.servlet.TestDispatcherServlet  : Completed initialization in 2 ms
Hibernate: insert into posts (created_date, modified_date, author, content, title) values (?, ?, ?, ?, ?)
Hibernate: select posts0_.id as id1_0_, posts0_.created_date as created_2_0_, posts0_.modified_date as modified3_0_, posts0_.author as author4_0_, posts0_.content as content5_0_, posts0_.title as title6_0_ from posts posts0_
Hibernate: select posts0_.id as id1_0_, posts0_.created_date as created_2_0_, posts0_.modified_date as modified3_0_, posts0_.author as author4_0_, posts0_.content as content5_0_, posts0_.title as title6_0_ from posts posts0_
Hibernate: delete from posts where id=?
2022-09-06 21:54:26.528  INFO 2592 --- [    Test worker] o.a.c.c.C.[Tomcat].[localhost].[/]       : Initializing Spring TestDispatcherServlet ''
2022-09-06 21:54:26.528  INFO 2592 --- [    Test worker] o.s.t.web.servlet.TestDispatcherServlet  : Initializing Servlet ''
2022-09-06 21:54:26.531  INFO 2592 --- [    Test worker] o.s.t.web.servlet.TestDispatcherServlet  : Completed initialization in 3 ms
Hibernate: insert into posts (created_date, modified_date, author, content, title) values (?, ?, ?, ?, ?)
Hibernate: select posts0_.id as id1_0_0_, posts0_.created_date as created_2_0_0_, posts0_.modified_date as modified3_0_0_, posts0_.author as author4_0_0_, posts0_.content as content5_0_0_, posts0_.title as title6_0_0_ from posts posts0_ where posts0_.id=?
Hibernate: update posts set created_date=?, modified_date=?, author=?, content=?, title=? where id=?
Hibernate: select posts0_.id as id1_0_, posts0_.created_date as created_2_0_, posts0_.modified_date as modified3_0_, posts0_.author as author4_0_, posts0_.content as content5_0_, posts0_.title as title6_0_ from posts posts0_
Hibernate: select posts0_.id as id1_0_, posts0_.created_date as created_2_0_, posts0_.modified_date as modified3_0_, posts0_.author as author4_0_, posts0_.content as content5_0_, posts0_.title as title6_0_ from posts posts0_
Hibernate: delete from posts where id=?
]]></system-out>
  <system-err><![CDATA[]]></system-err>
</testsuite>
